{"D:\\Magic\\MovieExplorer\\src\\components\\layouts\\AuthForm.tsx": {"path":"D:\\Magic\\MovieExplorer\\src\\components\\layouts\\AuthForm.tsx","statementMap":{"0":{"start":{"line":1,"column":0},"end":{"line":1,"column":56}},"1":{"start":{"line":2,"column":0},"end":{"line":2,"column":null}},"2":{"start":{"line":9,"column":0},"end":{"line":9,"column":56}},"3":{"start":{"line":10,"column":0},"end":{"line":10,"column":62}},"4":{"start":{"line":11,"column":0},"end":{"line":11,"column":61}},"5":{"start":{"line":12,"column":0},"end":{"line":12,"column":51}},"6":{"start":{"line":13,"column":0},"end":{"line":13,"column":54}},"7":{"start":{"line":39,"column":4},"end":{"line":39,"column":17}},"8":{"start":{"line":40,"column":4},"end":{"line":48,"column":6}},"9":{"start":{"line":51,"column":18},"end":{"line":54,"column":3}},"10":{"start":{"line":52,"column":18},"end":{"line":52,"column":46}},"11":{"start":{"line":53,"column":4},"end":{"line":53,"column":29}},"12":{"start":{"line":56,"column":21},"end":{"line":62,"column":3}},"13":{"start":{"line":57,"column":22},"end":{"line":57,"column":42}},"14":{"start":{"line":58,"column":25},"end":{"line":58,"column":47}},"15":{"start":{"line":59,"column":25},"end":{"line":59,"column":47}},"16":{"start":{"line":60,"column":27},"end":{"line":60,"column":66}},"17":{"start":{"line":61,"column":4},"end":{"line":61,"column":71}},"18":{"start":{"line":64,"column":17},"end":{"line":66,"column":3}},"19":{"start":{"line":65,"column":4},"end":{"line":65,"column":34}},"20":{"start":{"line":68,"column":18},"end":{"line":71,"column":3}},"21":{"start":{"line":69,"column":18},"end":{"line":69,"column":37}},"22":{"start":{"line":70,"column":4},"end":{"line":70,"column":58}},"23":{"start":{"line":73,"column":17},"end":{"line":134,"column":3}},"24":{"start":{"line":74,"column":4},"end":{"line":74,"column":23}},"25":{"start":{"line":75,"column":43},"end":{"line":75,"column":53}},"26":{"start":{"line":76,"column":45},"end":{"line":76,"column":55}},"27":{"start":{"line":77,"column":28},"end":{"line":77,"column":55}},"28":{"start":{"line":78,"column":18},"end":{"line":78,"column":22}},"29":{"start":{"line":80,"column":4},"end":{"line":83,"column":5}},"30":{"start":{"line":81,"column":6},"end":{"line":81,"column":48}},"31":{"start":{"line":82,"column":6},"end":{"line":82,"column":22}},"32":{"start":{"line":85,"column":4},"end":{"line":91,"column":5}},"33":{"start":{"line":86,"column":6},"end":{"line":86,"column":58}},"34":{"start":{"line":87,"column":6},"end":{"line":87,"column":22}},"35":{"start":{"line":88,"column":11},"end":{"line":91,"column":5}},"36":{"start":{"line":89,"column":6},"end":{"line":89,"column":61}},"37":{"start":{"line":90,"column":6},"end":{"line":90,"column":22}},"38":{"start":{"line":93,"column":4},"end":{"line":96,"column":5}},"39":{"start":{"line":94,"column":6},"end":{"line":94,"column":60}},"40":{"start":{"line":95,"column":6},"end":{"line":95,"column":22}},"41":{"start":{"line":98,"column":4},"end":{"line":105,"column":5}},"42":{"start":{"line":99,"column":6},"end":{"line":99,"column":56}},"43":{"start":{"line":100,"column":6},"end":{"line":100,"column":22}},"44":{"start":{"line":101,"column":11},"end":{"line":105,"column":5}},"45":{"start":{"line":102,"column":6},"end":{"line":103,"column":130}},"46":{"start":{"line":104,"column":6},"end":{"line":104,"column":22}},"47":{"start":{"line":107,"column":4},"end":{"line":107,"column":41}},"48":{"start":{"line":109,"column":4},"end":{"line":133,"column":5}},"49":{"start":{"line":110,"column":6},"end":{"line":110,"column":39}},"50":{"start":{"line":111,"column":6},"end":{"line":132,"column":7}},"51":{"start":{"line":112,"column":21},"end":{"line":114,"column":47}},"52":{"start":{"line":116,"column":8},"end":{"line":118,"column":9}},"53":{"start":{"line":117,"column":10},"end":{"line":117,"column":55}},"54":{"start":{"line":120,"column":8},"end":{"line":120,"column":77}},"55":{"start":{"line":121,"column":8},"end":{"line":121,"column":null}},"56":{"start":{"line":123,"column":8},"end":{"line":123,"column":84}},"57":{"start":{"line":124,"column":8},"end":{"line":129,"column":12}},"58":{"start":{"line":124,"column":38},"end":{"line":129,"column":10}},"59":{"start":{"line":131,"column":8},"end":{"line":131,"column":42}},"60":{"start":{"line":136,"column":23},"end":{"line":138,"column":3}},"61":{"start":{"line":137,"column":4},"end":{"line":137,"column":78}},"62":{"start":{"line":137,"column":34},"end":{"line":137,"column":75}},"63":{"start":{"line":140,"column":26},"end":{"line":167,"column":4}},"64":{"start":{"line":170,"column":33},"end":{"line":170,"column":43}},"65":{"start":{"line":171,"column":76},"end":{"line":171,"column":86}},"66":{"start":{"line":173,"column":4},"end":{"line":311,"column":6}},"67":{"start":{"line":194,"column":31},"end":{"line":194,"column":70}},"68":{"start":{"line":208,"column":29},"end":{"line":208,"column":69}},"69":{"start":{"line":222,"column":31},"end":{"line":222,"column":71}},"70":{"start":{"line":236,"column":29},"end":{"line":236,"column":72}},"71":{"start":{"line":303,"column":29},"end":{"line":303,"column":76}},"72":{"start":{"line":315,"column":0},"end":{"line":315,"column":40}}},"fnMap":{"0":{"name":"(anonymous_1)","decl":{"start":{"line":38,"column":2},"end":{"line":38,"column":14}},"loc":{"start":{"line":38,"column":34},"end":{"line":49,"column":3}}},"1":{"name":"(anonymous_2)","decl":{"start":{"line":51,"column":18},"end":{"line":51,"column":19}},"loc":{"start":{"line":51,"column":45},"end":{"line":54,"column":3}}},"2":{"name":"(anonymous_3)","decl":{"start":{"line":56,"column":21},"end":{"line":56,"column":22}},"loc":{"start":{"line":56,"column":51},"end":{"line":62,"column":3}}},"3":{"name":"(anonymous_4)","decl":{"start":{"line":64,"column":17},"end":{"line":64,"column":18}},"loc":{"start":{"line":64,"column":43},"end":{"line":66,"column":3}}},"4":{"name":"(anonymous_5)","decl":{"start":{"line":68,"column":18},"end":{"line":68,"column":19}},"loc":{"start":{"line":68,"column":45},"end":{"line":71,"column":3}}},"5":{"name":"(anonymous_6)","decl":{"start":{"line":73,"column":17},"end":{"line":73,"column":22}},"loc":{"start":{"line":73,"column":57},"end":{"line":134,"column":3}}},"6":{"name":"(anonymous_7)","decl":{"start":{"line":124,"column":22},"end":{"line":124,"column":23}},"loc":{"start":{"line":124,"column":38},"end":{"line":129,"column":10}}},"7":{"name":"(anonymous_8)","decl":{"start":{"line":136,"column":23},"end":{"line":136,"column":26}},"loc":{"start":{"line":136,"column":28},"end":{"line":138,"column":3}}},"8":{"name":"(anonymous_9)","decl":{"start":{"line":137,"column":18},"end":{"line":137,"column":19}},"loc":{"start":{"line":137,"column":34},"end":{"line":137,"column":75}}},"9":{"name":"(anonymous_10)","decl":{"start":{"line":169,"column":2},"end":{"line":169,"column":8}},"loc":{"start":{"line":169,"column":8},"end":{"line":312,"column":3}}},"10":{"name":"(anonymous_11)","decl":{"start":{"line":194,"column":24},"end":{"line":194,"column":25}},"loc":{"start":{"line":194,"column":31},"end":{"line":194,"column":70}}},"11":{"name":"(anonymous_12)","decl":{"start":{"line":208,"column":22},"end":{"line":208,"column":23}},"loc":{"start":{"line":208,"column":29},"end":{"line":208,"column":69}}},"12":{"name":"(anonymous_13)","decl":{"start":{"line":222,"column":24},"end":{"line":222,"column":25}},"loc":{"start":{"line":222,"column":31},"end":{"line":222,"column":71}}},"13":{"name":"(anonymous_14)","decl":{"start":{"line":236,"column":22},"end":{"line":236,"column":23}},"loc":{"start":{"line":236,"column":29},"end":{"line":236,"column":72}}},"14":{"name":"(anonymous_15)","decl":{"start":{"line":303,"column":23},"end":{"line":303,"column":26}},"loc":{"start":{"line":303,"column":29},"end":{"line":303,"column":76}}}},"branchMap":{"0":{"loc":{"start":{"line":61,"column":11},"end":{"line":61,"column":70}},"type":"binary-expr","locations":[{"start":{"line":61,"column":11},"end":{"line":61,"column":20}},{"start":{"line":61,"column":24},"end":{"line":61,"column":36}},{"start":{"line":61,"column":40},"end":{"line":61,"column":52}},{"start":{"line":61,"column":56},"end":{"line":61,"column":70}}]},"1":{"loc":{"start":{"line":70,"column":11},"end":{"line":70,"column":57}},"type":"binary-expr","locations":[{"start":{"line":70,"column":11},"end":{"line":70,"column":36}},{"start":{"line":70,"column":40},"end":{"line":70,"column":57}}]},"2":{"loc":{"start":{"line":75,"column":12},"end":{"line":75,"column":28}},"type":"default-arg","locations":[{"start":{"line":75,"column":23},"end":{"line":75,"column":28}}]},"3":{"loc":{"start":{"line":80,"column":4},"end":{"line":83,"column":5}},"type":"if","locations":[{"start":{"line":80,"column":4},"end":{"line":83,"column":5}}]},"4":{"loc":{"start":{"line":80,"column":8},"end":{"line":80,"column":44}},"type":"binary-expr","locations":[{"start":{"line":80,"column":8},"end":{"line":80,"column":16}},{"start":{"line":80,"column":20},"end":{"line":80,"column":44}}]},"5":{"loc":{"start":{"line":85,"column":4},"end":{"line":91,"column":5}},"type":"if","locations":[{"start":{"line":85,"column":4},"end":{"line":91,"column":5}},{"start":{"line":88,"column":11},"end":{"line":91,"column":5}}]},"6":{"loc":{"start":{"line":88,"column":11},"end":{"line":91,"column":5}},"type":"if","locations":[{"start":{"line":88,"column":11},"end":{"line":91,"column":5}}]},"7":{"loc":{"start":{"line":93,"column":4},"end":{"line":96,"column":5}},"type":"if","locations":[{"start":{"line":93,"column":4},"end":{"line":96,"column":5}}]},"8":{"loc":{"start":{"line":93,"column":8},"end":{"line":93,"column":46}},"type":"binary-expr","locations":[{"start":{"line":93,"column":8},"end":{"line":93,"column":16}},{"start":{"line":93,"column":20},"end":{"line":93,"column":46}}]},"9":{"loc":{"start":{"line":98,"column":4},"end":{"line":105,"column":5}},"type":"if","locations":[{"start":{"line":98,"column":4},"end":{"line":105,"column":5}},{"start":{"line":101,"column":11},"end":{"line":105,"column":5}}]},"10":{"loc":{"start":{"line":101,"column":11},"end":{"line":105,"column":5}},"type":"if","locations":[{"start":{"line":101,"column":11},"end":{"line":105,"column":5}}]},"11":{"loc":{"start":{"line":109,"column":4},"end":{"line":133,"column":5}},"type":"if","locations":[{"start":{"line":109,"column":4},"end":{"line":133,"column":5}}]},"12":{"loc":{"start":{"line":112,"column":21},"end":{"line":114,"column":47}},"type":"cond-expr","locations":[{"start":{"line":113,"column":12},"end":{"line":113,"column":73}},{"start":{"line":114,"column":12},"end":{"line":114,"column":47}}]},"13":{"loc":{"start":{"line":116,"column":8},"end":{"line":118,"column":9}},"type":"if","locations":[{"start":{"line":116,"column":8},"end":{"line":118,"column":9}}]},"14":{"loc":{"start":{"line":120,"column":23},"end":{"line":120,"column":55}},"type":"cond-expr","locations":[{"start":{"line":120,"column":34},"end":{"line":120,"column":43}},{"start":{"line":120,"column":46},"end":{"line":120,"column":55}}]},"15":{"loc":{"start":{"line":121,"column":17},"end":{"line":121,"column":50}},"type":"cond-expr","locations":[{"start":{"line":121,"column":28},"end":{"line":121,"column":31}},{"start":{"line":121,"column":33},"end":{"line":121,"column":50}}]},"16":{"loc":{"start":{"line":123,"column":25},"end":{"line":123,"column":57}},"type":"cond-expr","locations":[{"start":{"line":123,"column":36},"end":{"line":123,"column":45}},{"start":{"line":123,"column":48},"end":{"line":123,"column":57}}]},"17":{"loc":{"start":{"line":170,"column":12},"end":{"line":170,"column":28}},"type":"default-arg","locations":[{"start":{"line":170,"column":23},"end":{"line":170,"column":28}}]},"18":{"loc":{"start":{"line":185,"column":11},"end":{"line":185,"column":60}},"type":"cond-expr","locations":[{"start":{"line":185,"column":22},"end":{"line":185,"column":43}},{"start":{"line":185,"column":46},"end":{"line":185,"column":60}}]},"19":{"loc":{"start":{"line":189,"column":11},"end":{"line":201,"column":null}},"type":"binary-expr","locations":[{"start":{"line":189,"column":11},"end":{"line":189,"column":19}},{"start":{"line":190,"column":12},"end":{"line":200,"column":null}}]},"20":{"loc":{"start":{"line":217,"column":11},"end":{"line":229,"column":null}},"type":"binary-expr","locations":[{"start":{"line":217,"column":11},"end":{"line":217,"column":19}},{"start":{"line":218,"column":12},"end":{"line":228,"column":null}}]},"21":{"loc":{"start":{"line":234,"column":18},"end":{"line":234,"column":52}},"type":"cond-expr","locations":[{"start":{"line":234,"column":33},"end":{"line":234,"column":39}},{"start":{"line":234,"column":42},"end":{"line":234,"column":52}}]},"22":{"loc":{"start":{"line":251,"column":21},"end":{"line":251,"column":70}},"type":"cond-expr","locations":[{"start":{"line":251,"column":36},"end":{"line":251,"column":53}},{"start":{"line":251,"column":56},"end":{"line":251,"column":70}}]},"23":{"loc":{"start":{"line":282,"column":13},"end":{"line":288,"column":23}},"type":"cond-expr","locations":[{"start":{"line":283,"column":16},"end":{"line":285,"column":28}},{"start":{"line":286,"column":16},"end":{"line":288,"column":23}}]},"24":{"loc":{"start":{"line":283,"column":16},"end":{"line":285,"column":28}},"type":"cond-expr","locations":[{"start":{"line":284,"column":18},"end":{"line":284,"column":30}},{"start":{"line":285,"column":18},"end":{"line":285,"column":28}}]},"25":{"loc":{"start":{"line":286,"column":16},"end":{"line":288,"column":23}},"type":"cond-expr","locations":[{"start":{"line":287,"column":16},"end":{"line":287,"column":25}},{"start":{"line":288,"column":16},"end":{"line":288,"column":23}}]},"26":{"loc":{"start":{"line":300,"column":13},"end":{"line":300,"column":77}},"type":"cond-expr","locations":[{"start":{"line":300,"column":24},"end":{"line":300,"column":50}},{"start":{"line":300,"column":53},"end":{"line":300,"column":77}}]},"27":{"loc":{"start":{"line":303,"column":49},"end":{"line":303,"column":75}},"type":"cond-expr","locations":[{"start":{"line":303,"column":60},"end":{"line":303,"column":63}},{"start":{"line":303,"column":66},"end":{"line":303,"column":75}}]},"28":{"loc":{"start":{"line":306,"column":15},"end":{"line":306,"column":45}},"type":"cond-expr","locations":[{"start":{"line":306,"column":26},"end":{"line":306,"column":33}},{"start":{"line":306,"column":36},"end":{"line":306,"column":45}}]}},"s":{"0":1,"1":1,"2":1,"3":1,"4":1,"5":1,"6":1,"7":12,"8":12,"9":12,"10":4,"11":4,"12":12,"13":5,"14":5,"15":5,"16":5,"17":5,"18":12,"19":3,"20":12,"21":3,"22":3,"23":12,"24":9,"25":9,"26":9,"27":9,"28":9,"29":9,"30":2,"31":2,"32":9,"33":5,"34":5,"35":4,"36":0,"37":0,"38":9,"39":1,"40":1,"41":9,"42":4,"43":4,"44":5,"45":1,"46":1,"47":9,"48":9,"49":4,"50":4,"51":4,"52":3,"53":0,"54":3,"55":3,"56":1,"57":1,"58":1,"59":4,"60":12,"61":2,"62":2,"63":12,"64":210,"65":210,"66":210,"67":16,"68":80,"69":25,"70":64,"71":1,"72":1},"f":{"0":12,"1":4,"2":5,"3":3,"4":3,"5":9,"6":1,"7":2,"8":2,"9":210,"10":16,"11":80,"12":25,"13":64,"14":1},"b":{"0":[5,4,4,4],"1":[3,2],"2":[6],"3":[2],"4":[9,3],"5":[5,4],"6":[0],"7":[1],"8":[9,3],"9":[4,5],"10":[1],"11":[4],"12":[1,3],"13":[0],"14":[1,2],"15":[1,2],"16":[0,1],"17":[104],"18":[106,104],"19":[210,106],"20":[210,106],"21":[1,209],"22":[1,209],"23":[4,206],"24":[1,3],"25":[105,101],"26":[106,104],"27":[0,1],"28":[106,104]}}
,"D:\\Magic\\MovieExplorer\\src\\components\\layouts\\AuthLayout.tsx": {"path":"D:\\Magic\\MovieExplorer\\src\\components\\layouts\\AuthLayout.tsx","statementMap":{"0":{"start":{"line":1,"column":0},"end":{"line":1,"column":41}},"1":{"start":{"line":2,"column":0},"end":{"line":2,"column":56}},"2":{"start":{"line":3,"column":0},"end":{"line":3,"column":50}},"3":{"start":{"line":4,"column":0},"end":{"line":4,"column":69}},"4":{"start":{"line":11,"column":19},"end":{"line":13,"column":3}},"5":{"start":{"line":12,"column":4},"end":{"line":12,"column":45}},"6":{"start":{"line":16,"column":25},"end":{"line":16,"column":35}},"7":{"start":{"line":17,"column":4},"end":{"line":85,"column":6}},"8":{"start":{"line":89,"column":0},"end":{"line":89,"column":26}}},"fnMap":{"0":{"name":"(anonymous_1)","decl":{"start":{"line":11,"column":19},"end":{"line":11,"column":22}},"loc":{"start":{"line":11,"column":24},"end":{"line":13,"column":3}}},"1":{"name":"(anonymous_2)","decl":{"start":{"line":15,"column":2},"end":{"line":15,"column":8}},"loc":{"start":{"line":15,"column":8},"end":{"line":86,"column":3}}}},"branchMap":{},"s":{"0":1,"1":1,"2":1,"3":1,"4":3,"5":1,"6":3,"7":3,"8":1},"f":{"0":1,"1":3},"b":{}}
,"D:\\Magic\\MovieExplorer\\src\\components\\movieDetail\\MovieDetail.tsx": {"path":"D:\\Magic\\MovieExplorer\\src\\components\\movieDetail\\MovieDetail.tsx","statementMap":{"0":{"start":{"line":1,"column":0},"end":{"line":1,"column":26}},"1":{"start":{"line":2,"column":0},"end":{"line":2,"column":null}},"2":{"start":{"line":15,"column":0},"end":{"line":15,"column":66}},"3":{"start":{"line":16,"column":0},"end":{"line":16,"column":60}},"4":{"start":{"line":17,"column":0},"end":{"line":17,"column":48}},"5":{"start":{"line":18,"column":0},"end":{"line":18,"column":62}},"6":{"start":{"line":19,"column":0},"end":{"line":19,"column":52}},"7":{"start":{"line":20,"column":0},"end":{"line":20,"column":44}},"8":{"start":{"line":22,"column":0},"end":{"line":22,"column":71}},"9":{"start":{"line":44,"column":50},"end":{"line":511,"column":1}},"10":{"start":{"line":45,"column":47},"end":{"line":45,"column":70}},"11":{"start":{"line":48,"column":27},"end":{"line":64,"column":4}},"12":{"start":{"line":66,"column":20},"end":{"line":66,"column":52}},"13":{"start":{"line":69,"column":26},"end":{"line":69,"column":73}},"14":{"start":{"line":71,"column":2},"end":{"line":77,"column":3}},"15":{"start":{"line":72,"column":4},"end":{"line":76,"column":6}},"16":{"start":{"line":79,"column":2},"end":{"line":85,"column":3}},"17":{"start":{"line":80,"column":4},"end":{"line":84,"column":6}},"18":{"start":{"line":87,"column":2},"end":{"line":510,"column":4}},"19":{"start":{"line":473,"column":20},"end":{"line":477,"column":null}},"20":{"start":{"line":513,"column":0},"end":{"line":513,"column":28}}},"fnMap":{"0":{"name":"(anonymous_1)","decl":{"start":{"line":44,"column":50},"end":{"line":44,"column":51}},"loc":{"start":{"line":44,"column":64},"end":{"line":511,"column":1}}},"1":{"name":"(anonymous_2)","decl":{"start":{"line":472,"column":46},"end":{"line":472,"column":47}},"loc":{"start":{"line":473,"column":20},"end":{"line":477,"column":null}}}},"branchMap":{"0":{"loc":{"start":{"line":50,"column":11},"end":{"line":50,"column":36}},"type":"binary-expr","locations":[{"start":{"line":50,"column":11},"end":{"line":50,"column":22}},{"start":{"line":50,"column":26},"end":{"line":50,"column":36}}]},"1":{"loc":{"start":{"line":51,"column":11},"end":{"line":51,"column":47}},"type":"binary-expr","locations":[{"start":{"line":51,"column":11},"end":{"line":51,"column":27}},{"start":{"line":51,"column":31},"end":{"line":51,"column":47}}]},"2":{"loc":{"start":{"line":52,"column":12},"end":{"line":52,"column":48}},"type":"binary-expr","locations":[{"start":{"line":52,"column":12},"end":{"line":52,"column":28}},{"start":{"line":52,"column":32},"end":{"line":52,"column":48}}]},"3":{"loc":{"start":{"line":53,"column":16},"end":{"line":53,"column":33}},"type":"binary-expr","locations":[{"start":{"line":53,"column":16},"end":{"line":53,"column":28}},{"start":{"line":53,"column":32},"end":{"line":53,"column":33}}]},"4":{"loc":{"start":{"line":54,"column":10},"end":{"line":54,"column":33}},"type":"binary-expr","locations":[{"start":{"line":54,"column":10},"end":{"line":54,"column":28}},{"start":{"line":54,"column":32},"end":{"line":54,"column":33}}]},"5":{"loc":{"start":{"line":55,"column":14},"end":{"line":57,"column":15}},"type":"cond-expr","locations":[{"start":{"line":56,"column":8},"end":{"line":56,"column":69}},{"start":{"line":57,"column":8},"end":{"line":57,"column":15}}]},"6":{"loc":{"start":{"line":59,"column":10},"end":{"line":59,"column":57}},"type":"binary-expr","locations":[{"start":{"line":59,"column":10},"end":{"line":59,"column":27}},{"start":{"line":59,"column":31},"end":{"line":59,"column":57}}]},"7":{"loc":{"start":{"line":60,"column":14},"end":{"line":60,"column":41}},"type":"binary-expr","locations":[{"start":{"line":60,"column":14},"end":{"line":60,"column":28}},{"start":{"line":60,"column":32},"end":{"line":60,"column":41}}]},"8":{"loc":{"start":{"line":61,"column":15},"end":{"line":61,"column":43}},"type":"binary-expr","locations":[{"start":{"line":61,"column":15},"end":{"line":61,"column":30}},{"start":{"line":61,"column":34},"end":{"line":61,"column":43}}]},"9":{"loc":{"start":{"line":62,"column":24},"end":{"line":62,"column":61}},"type":"binary-expr","locations":[{"start":{"line":62,"column":24},"end":{"line":62,"column":48}},{"start":{"line":62,"column":52},"end":{"line":62,"column":61}}]},"10":{"loc":{"start":{"line":63,"column":13},"end":{"line":63,"column":35}},"type":"binary-expr","locations":[{"start":{"line":63,"column":13},"end":{"line":63,"column":26}},{"start":{"line":63,"column":30},"end":{"line":63,"column":35}}]},"11":{"loc":{"start":{"line":69,"column":26},"end":{"line":69,"column":73}},"type":"binary-expr","locations":[{"start":{"line":69,"column":26},"end":{"line":69,"column":39}},{"start":{"line":69,"column":43},"end":{"line":69,"column":73}}]},"12":{"loc":{"start":{"line":71,"column":2},"end":{"line":77,"column":3}},"type":"if","locations":[{"start":{"line":71,"column":2},"end":{"line":77,"column":3}}]},"13":{"loc":{"start":{"line":79,"column":2},"end":{"line":85,"column":3}},"type":"if","locations":[{"start":{"line":79,"column":2},"end":{"line":85,"column":3}}]},"14":{"loc":{"start":{"line":164,"column":19},"end":{"line":164,"column":50}},"type":"binary-expr","locations":[{"start":{"line":164,"column":19},"end":{"line":164,"column":33}},{"start":{"line":164,"column":37},"end":{"line":164,"column":50}}]},"15":{"loc":{"start":{"line":502,"column":19},"end":{"line":502,"column":70}},"type":"cond-expr","locations":[{"start":{"line":502,"column":52},"end":{"line":502,"column":61}},{"start":{"line":502,"column":64},"end":{"line":502,"column":70}}]}},"s":{"0":1,"1":1,"2":1,"3":1,"4":1,"5":1,"6":1,"7":1,"8":1,"9":1,"10":3,"11":3,"12":3,"13":3,"14":3,"15":1,"16":2,"17":1,"18":1,"19":2,"20":1},"f":{"0":3,"1":2},"b":{"0":[3,0],"1":[3,0],"2":[3,0],"3":[3,0],"4":[3,0],"5":[3,0],"6":[3,0],"7":[3,0],"8":[3,0],"9":[3,0],"10":[3,3],"11":[3,0],"12":[1],"13":[1],"14":[1,0],"15":[0,1]}}
,"D:\\Magic\\MovieExplorer\\src\\components\\moviesLayout\\BigSlider.tsx": {"path":"D:\\Magic\\MovieExplorer\\src\\components\\moviesLayout\\BigSlider.tsx","statementMap":{"0":{"start":{"line":1,"column":0},"end":{"line":1,"column":26}},"1":{"start":{"line":2,"column":0},"end":{"line":2,"column":48}},"2":{"start":{"line":3,"column":0},"end":{"line":3,"column":70}},"3":{"start":{"line":4,"column":0},"end":{"line":4,"column":70}},"4":{"start":{"line":5,"column":0},"end":{"line":5,"column":38}},"5":{"start":{"line":17,"column":41},"end":{"line":17,"column":45}},"6":{"start":{"line":20,"column":4},"end":{"line":20,"column":17}},"7":{"start":{"line":21,"column":4},"end":{"line":23,"column":6}},"8":{"start":{"line":27,"column":4},"end":{"line":31,"column":13}},"9":{"start":{"line":28,"column":6},"end":{"line":30,"column":10}},"10":{"start":{"line":28,"column":36},"end":{"line":30,"column":8}},"11":{"start":{"line":35,"column":4},"end":{"line":37,"column":5}},"12":{"start":{"line":36,"column":6},"end":{"line":36,"column":32}},"13":{"start":{"line":40,"column":18},"end":{"line":44,"column":3}},"14":{"start":{"line":41,"column":4},"end":{"line":43,"column":8}},"15":{"start":{"line":41,"column":34},"end":{"line":43,"column":6}},"16":{"start":{"line":46,"column":18},"end":{"line":50,"column":3}},"17":{"start":{"line":47,"column":4},"end":{"line":49,"column":8}},"18":{"start":{"line":47,"column":34},"end":{"line":49,"column":6}},"19":{"start":{"line":53,"column":22},"end":{"line":53,"column":32}},"20":{"start":{"line":54,"column":29},"end":{"line":54,"column":39}},"21":{"start":{"line":56,"column":4},"end":{"line":132,"column":6}},"22":{"start":{"line":76,"column":12},"end":{"line":80,"column":null}},"23":{"start":{"line":136,"column":0},"end":{"line":136,"column":25}}},"fnMap":{"0":{"name":"(anonymous_1)","decl":{"start":{"line":19,"column":2},"end":{"line":19,"column":14}},"loc":{"start":{"line":19,"column":35},"end":{"line":24,"column":3}}},"1":{"name":"(anonymous_2)","decl":{"start":{"line":26,"column":2},"end":{"line":26,"column":19}},"loc":{"start":{"line":26,"column":19},"end":{"line":32,"column":3}}},"2":{"name":"(anonymous_3)","decl":{"start":{"line":27,"column":29},"end":{"line":27,"column":32}},"loc":{"start":{"line":27,"column":34},"end":{"line":31,"column":5}}},"3":{"name":"(anonymous_4)","decl":{"start":{"line":28,"column":20},"end":{"line":28,"column":21}},"loc":{"start":{"line":28,"column":36},"end":{"line":30,"column":8}}},"4":{"name":"(anonymous_5)","decl":{"start":{"line":34,"column":2},"end":{"line":34,"column":22}},"loc":{"start":{"line":34,"column":22},"end":{"line":38,"column":3}}},"5":{"name":"(anonymous_6)","decl":{"start":{"line":40,"column":18},"end":{"line":40,"column":21}},"loc":{"start":{"line":40,"column":23},"end":{"line":44,"column":3}}},"6":{"name":"(anonymous_7)","decl":{"start":{"line":41,"column":18},"end":{"line":41,"column":19}},"loc":{"start":{"line":41,"column":34},"end":{"line":43,"column":6}}},"7":{"name":"(anonymous_8)","decl":{"start":{"line":46,"column":18},"end":{"line":46,"column":21}},"loc":{"start":{"line":46,"column":23},"end":{"line":50,"column":3}}},"8":{"name":"(anonymous_9)","decl":{"start":{"line":47,"column":18},"end":{"line":47,"column":19}},"loc":{"start":{"line":47,"column":34},"end":{"line":49,"column":6}}},"9":{"name":"(anonymous_10)","decl":{"start":{"line":52,"column":2},"end":{"line":52,"column":8}},"loc":{"start":{"line":52,"column":8},"end":{"line":133,"column":3}}},"10":{"name":"(anonymous_11)","decl":{"start":{"line":75,"column":21},"end":{"line":75,"column":22}},"loc":{"start":{"line":76,"column":12},"end":{"line":80,"column":null}}}},"branchMap":{"0":{"loc":{"start":{"line":35,"column":4},"end":{"line":37,"column":5}},"type":"if","locations":[{"start":{"line":35,"column":4},"end":{"line":37,"column":5}}]}},"s":{"0":1,"1":1,"2":1,"3":1,"4":1,"5":7,"6":7,"7":7,"8":7,"9":1,"10":1,"11":7,"12":7,"13":7,"14":1,"15":1,"16":7,"17":1,"18":1,"19":10,"20":10,"21":10,"22":27,"23":1},"f":{"0":7,"1":7,"2":1,"3":1,"4":7,"5":1,"6":1,"7":1,"8":1,"9":10,"10":27},"b":{"0":[7]}}
,"D:\\Magic\\MovieExplorer\\src\\components\\moviesLayout\\Carousel.tsx": {"path":"D:\\Magic\\MovieExplorer\\src\\components\\moviesLayout\\Carousel.tsx","statementMap":{"0":{"start":{"line":1,"column":0},"end":{"line":1,"column":59}},"1":{"start":{"line":2,"column":0},"end":{"line":2,"column":78}},"2":{"start":{"line":3,"column":0},"end":{"line":3,"column":64}},"3":{"start":{"line":4,"column":0},"end":{"line":4,"column":70}},"4":{"start":{"line":5,"column":0},"end":{"line":5,"column":36}},"5":{"start":{"line":6,"column":0},"end":{"line":6,"column":47}},"6":{"start":{"line":7,"column":0},"end":{"line":7,"column":51}},"7":{"start":{"line":8,"column":0},"end":{"line":8,"column":92}},"8":{"start":{"line":48,"column":42},"end":{"line":259,"column":1}},"9":{"start":{"line":49,"column":20},"end":{"line":49,"column":48}},"10":{"start":{"line":50,"column":44},"end":{"line":50,"column":59}},"11":{"start":{"line":51,"column":46},"end":{"line":51,"column":60}},"12":{"start":{"line":52,"column":30},"end":{"line":52,"column":53}},"13":{"start":{"line":53,"column":32},"end":{"line":53,"column":46}},"14":{"start":{"line":54,"column":28},"end":{"line":54,"column":57}},"15":{"start":{"line":55,"column":19},"end":{"line":55,"column":32}},"16":{"start":{"line":56,"column":87},"end":{"line":56,"column":110}},"17":{"start":{"line":57,"column":22},"end":{"line":63,"column":3}},"18":{"start":{"line":58,"column":4},"end":{"line":62,"column":5}},"19":{"start":{"line":59,"column":55},"end":{"line":59,"column":72}},"20":{"start":{"line":60,"column":6},"end":{"line":60,"column":39}},"21":{"start":{"line":61,"column":6},"end":{"line":61,"column":68}},"22":{"start":{"line":65,"column":22},"end":{"line":97,"column":3}},"23":{"start":{"line":66,"column":4},"end":{"line":96,"column":5}},"24":{"start":{"line":67,"column":24},"end":{"line":67,"column":53}},"25":{"start":{"line":68,"column":25},"end":{"line":68,"column":61}},"26":{"start":{"line":70,"column":6},"end":{"line":90,"column":7}},"27":{"start":{"line":71,"column":43},"end":{"line":86,"column":11}},"28":{"start":{"line":71,"column":77},"end":{"line":86,"column":10}},"29":{"start":{"line":87,"column":8},"end":{"line":87,"column":35}},"30":{"start":{"line":89,"column":8},"end":{"line":89,"column":40}},"31":{"start":{"line":92,"column":6},"end":{"line":92,"column":59}},"32":{"start":{"line":93,"column":6},"end":{"line":93,"column":40}},"33":{"start":{"line":95,"column":6},"end":{"line":95,"column":24}},"34":{"start":{"line":99,"column":2},"end":{"line":101,"column":14}},"35":{"start":{"line":100,"column":4},"end":{"line":100,"column":18}},"36":{"start":{"line":103,"column":2},"end":{"line":114,"column":15}},"37":{"start":{"line":104,"column":4},"end":{"line":104,"column":18}},"38":{"start":{"line":105,"column":28},"end":{"line":105,"column":45}},"39":{"start":{"line":106,"column":4},"end":{"line":113,"column":5}},"40":{"start":{"line":107,"column":6},"end":{"line":107,"column":62}},"41":{"start":{"line":108,"column":6},"end":{"line":108,"column":53}},"42":{"start":{"line":109,"column":6},"end":{"line":112,"column":8}},"43":{"start":{"line":110,"column":8},"end":{"line":110,"column":67}},"44":{"start":{"line":111,"column":8},"end":{"line":111,"column":58}},"45":{"start":{"line":116,"column":17},"end":{"line":122,"column":3}},"46":{"start":{"line":117,"column":4},"end":{"line":121,"column":5}},"47":{"start":{"line":118,"column":27},"end":{"line":118,"column":35}},"48":{"start":{"line":119,"column":29},"end":{"line":119,"column":80}},"49":{"start":{"line":120,"column":6},"end":{"line":120,"column":79}},"50":{"start":{"line":124,"column":23},"end":{"line":126,"column":3}},"51":{"start":{"line":125,"column":4},"end":{"line":125,"column":32}},"52":{"start":{"line":128,"column":23},"end":{"line":133,"column":3}},"53":{"start":{"line":129,"column":4},"end":{"line":129,"column":77}},"54":{"start":{"line":129,"column":30},"end":{"line":129,"column":75}},"55":{"start":{"line":129,"column":59},"end":{"line":129,"column":74}},"56":{"start":{"line":130,"column":4},"end":{"line":132,"column":5}},"57":{"start":{"line":131,"column":6},"end":{"line":131,"column":19}},"58":{"start":{"line":135,"column":2},"end":{"line":151,"column":3}},"59":{"start":{"line":136,"column":4},"end":{"line":150,"column":6}},"60":{"start":{"line":153,"column":2},"end":{"line":159,"column":3}},"61":{"start":{"line":154,"column":4},"end":{"line":158,"column":6}},"62":{"start":{"line":161,"column":2},"end":{"line":167,"column":3}},"63":{"start":{"line":162,"column":4},"end":{"line":166,"column":6}},"64":{"start":{"line":169,"column":2},"end":{"line":258,"column":4}},"65":{"start":{"line":212,"column":12},"end":{"line":218,"column":null}},"66":{"start":{"line":224,"column":27},"end":{"line":224,"column":41}},"67":{"start":{"line":241,"column":27},"end":{"line":241,"column":42}},"68":{"start":{"line":261,"column":0},"end":{"line":261,"column":36}}},"fnMap":{"0":{"name":"(anonymous_10)","decl":{"start":{"line":48,"column":42},"end":{"line":48,"column":43}},"loc":{"start":{"line":48,"column":79},"end":{"line":259,"column":1}}},"1":{"name":"(anonymous_11)","decl":{"start":{"line":57,"column":22},"end":{"line":57,"column":25}},"loc":{"start":{"line":57,"column":27},"end":{"line":63,"column":3}}},"2":{"name":"(anonymous_12)","decl":{"start":{"line":65,"column":22},"end":{"line":65,"column":27}},"loc":{"start":{"line":65,"column":33},"end":{"line":97,"column":3}}},"3":{"name":"(anonymous_13)","decl":{"start":{"line":71,"column":58},"end":{"line":71,"column":59}},"loc":{"start":{"line":71,"column":77},"end":{"line":86,"column":10}}},"4":{"name":"(anonymous_14)","decl":{"start":{"line":99,"column":12},"end":{"line":99,"column":15}},"loc":{"start":{"line":99,"column":17},"end":{"line":101,"column":3}}},"5":{"name":"(anonymous_15)","decl":{"start":{"line":103,"column":12},"end":{"line":103,"column":15}},"loc":{"start":{"line":103,"column":17},"end":{"line":114,"column":3}}},"6":{"name":"(anonymous_16)","decl":{"start":{"line":109,"column":13},"end":{"line":109,"column":16}},"loc":{"start":{"line":109,"column":18},"end":{"line":112,"column":7}}},"7":{"name":"(anonymous_17)","decl":{"start":{"line":116,"column":17},"end":{"line":116,"column":18}},"loc":{"start":{"line":116,"column":49},"end":{"line":122,"column":3}}},"8":{"name":"(anonymous_18)","decl":{"start":{"line":124,"column":23},"end":{"line":124,"column":26}},"loc":{"start":{"line":124,"column":28},"end":{"line":126,"column":3}}},"9":{"name":"(anonymous_19)","decl":{"start":{"line":128,"column":23},"end":{"line":128,"column":24}},"loc":{"start":{"line":128,"column":38},"end":{"line":133,"column":3}}},"10":{"name":"(anonymous_20)","decl":{"start":{"line":129,"column":14},"end":{"line":129,"column":15}},"loc":{"start":{"line":129,"column":30},"end":{"line":129,"column":75}}},"11":{"name":"(anonymous_21)","decl":{"start":{"line":129,"column":48},"end":{"line":129,"column":49}},"loc":{"start":{"line":129,"column":59},"end":{"line":129,"column":74}}},"12":{"name":"(anonymous_22)","decl":{"start":{"line":211,"column":22},"end":{"line":211,"column":23}},"loc":{"start":{"line":212,"column":12},"end":{"line":218,"column":null}}},"13":{"name":"(anonymous_23)","decl":{"start":{"line":224,"column":21},"end":{"line":224,"column":24}},"loc":{"start":{"line":224,"column":27},"end":{"line":224,"column":41}}},"14":{"name":"(anonymous_24)","decl":{"start":{"line":241,"column":21},"end":{"line":241,"column":24}},"loc":{"start":{"line":241,"column":27},"end":{"line":241,"column":42}}}},"branchMap":{"0":{"loc":{"start":{"line":58,"column":4},"end":{"line":62,"column":5}},"type":"if","locations":[{"start":{"line":58,"column":4},"end":{"line":62,"column":5}}]},"1":{"loc":{"start":{"line":68,"column":25},"end":{"line":68,"column":61}},"type":"binary-expr","locations":[{"start":{"line":68,"column":25},"end":{"line":68,"column":42}},{"start":{"line":68,"column":46},"end":{"line":68,"column":55}},{"start":{"line":68,"column":59},"end":{"line":68,"column":61}}]},"2":{"loc":{"start":{"line":70,"column":6},"end":{"line":90,"column":7}},"type":"if","locations":[{"start":{"line":70,"column":6},"end":{"line":90,"column":7}},{"start":{"line":88,"column":13},"end":{"line":90,"column":7}}]},"3":{"loc":{"start":{"line":70,"column":10},"end":{"line":70,"column":60}},"type":"binary-expr","locations":[{"start":{"line":70,"column":10},"end":{"line":70,"column":35}},{"start":{"line":70,"column":39},"end":{"line":70,"column":60}}]},"4":{"loc":{"start":{"line":73,"column":17},"end":{"line":73,"column":42}},"type":"binary-expr","locations":[{"start":{"line":73,"column":17},"end":{"line":73,"column":28}},{"start":{"line":73,"column":32},"end":{"line":73,"column":42}}]},"5":{"loc":{"start":{"line":74,"column":17},"end":{"line":74,"column":74}},"type":"binary-expr","locations":[{"start":{"line":74,"column":17},"end":{"line":74,"column":33}},{"start":{"line":74,"column":37},"end":{"line":74,"column":74}}]},"6":{"loc":{"start":{"line":75,"column":22},"end":{"line":75,"column":39}},"type":"binary-expr","locations":[{"start":{"line":75,"column":22},"end":{"line":75,"column":34}},{"start":{"line":75,"column":38},"end":{"line":75,"column":39}}]},"7":{"loc":{"start":{"line":76,"column":16},"end":{"line":76,"column":39}},"type":"binary-expr","locations":[{"start":{"line":76,"column":16},"end":{"line":76,"column":34}},{"start":{"line":76,"column":38},"end":{"line":76,"column":39}}]},"8":{"loc":{"start":{"line":77,"column":20},"end":{"line":79,"column":21}},"type":"cond-expr","locations":[{"start":{"line":78,"column":14},"end":{"line":78,"column":75}},{"start":{"line":79,"column":14},"end":{"line":79,"column":21}}]},"9":{"loc":{"start":{"line":81,"column":16},"end":{"line":81,"column":63}},"type":"binary-expr","locations":[{"start":{"line":81,"column":16},"end":{"line":81,"column":33}},{"start":{"line":81,"column":37},"end":{"line":81,"column":63}}]},"10":{"loc":{"start":{"line":82,"column":20},"end":{"line":82,"column":47}},"type":"binary-expr","locations":[{"start":{"line":82,"column":20},"end":{"line":82,"column":34}},{"start":{"line":82,"column":38},"end":{"line":82,"column":47}}]},"11":{"loc":{"start":{"line":83,"column":21},"end":{"line":83,"column":49}},"type":"binary-expr","locations":[{"start":{"line":83,"column":21},"end":{"line":83,"column":36}},{"start":{"line":83,"column":40},"end":{"line":83,"column":49}}]},"12":{"loc":{"start":{"line":84,"column":30},"end":{"line":84,"column":67}},"type":"binary-expr","locations":[{"start":{"line":84,"column":30},"end":{"line":84,"column":54}},{"start":{"line":84,"column":58},"end":{"line":84,"column":67}}]},"13":{"loc":{"start":{"line":85,"column":19},"end":{"line":85,"column":41}},"type":"binary-expr","locations":[{"start":{"line":85,"column":19},"end":{"line":85,"column":32}},{"start":{"line":85,"column":36},"end":{"line":85,"column":41}}]},"14":{"loc":{"start":{"line":106,"column":4},"end":{"line":113,"column":5}},"type":"if","locations":[{"start":{"line":106,"column":4},"end":{"line":113,"column":5}}]},"15":{"loc":{"start":{"line":117,"column":4},"end":{"line":121,"column":5}},"type":"if","locations":[{"start":{"line":117,"column":4},"end":{"line":121,"column":5}}]},"16":{"loc":{"start":{"line":119,"column":29},"end":{"line":119,"column":80}},"type":"cond-expr","locations":[{"start":{"line":119,"column":52},"end":{"line":119,"column":65}},{"start":{"line":119,"column":68},"end":{"line":119,"column":80}}]},"17":{"loc":{"start":{"line":130,"column":4},"end":{"line":132,"column":5}},"type":"if","locations":[{"start":{"line":130,"column":4},"end":{"line":132,"column":5}}]},"18":{"loc":{"start":{"line":135,"column":2},"end":{"line":151,"column":3}},"type":"if","locations":[{"start":{"line":135,"column":2},"end":{"line":151,"column":3}}]},"19":{"loc":{"start":{"line":135,"column":6},"end":{"line":135,"column":36}},"type":"binary-expr","locations":[{"start":{"line":135,"column":6},"end":{"line":135,"column":13}},{"start":{"line":135,"column":17},"end":{"line":135,"column":36}}]},"20":{"loc":{"start":{"line":153,"column":2},"end":{"line":159,"column":3}},"type":"if","locations":[{"start":{"line":153,"column":2},"end":{"line":159,"column":3}}]},"21":{"loc":{"start":{"line":153,"column":6},"end":{"line":153,"column":32}},"type":"binary-expr","locations":[{"start":{"line":153,"column":6},"end":{"line":153,"column":11}},{"start":{"line":153,"column":15},"end":{"line":153,"column":32}}]},"22":{"loc":{"start":{"line":156,"column":21},"end":{"line":156,"column":47}},"type":"binary-expr","locations":[{"start":{"line":156,"column":21},"end":{"line":156,"column":26}},{"start":{"line":156,"column":30},"end":{"line":156,"column":47}}]},"23":{"loc":{"start":{"line":161,"column":2},"end":{"line":167,"column":3}},"type":"if","locations":[{"start":{"line":161,"column":2},"end":{"line":167,"column":3}}]},"24":{"loc":{"start":{"line":222,"column":9},"end":{"line":237,"column":null}},"type":"binary-expr","locations":[{"start":{"line":222,"column":9},"end":{"line":222,"column":22}},{"start":{"line":223,"column":10},"end":{"line":236,"column":null}}]},"25":{"loc":{"start":{"line":239,"column":9},"end":{"line":254,"column":null}},"type":"binary-expr","locations":[{"start":{"line":239,"column":9},"end":{"line":239,"column":23}},{"start":{"line":240,"column":10},"end":{"line":253,"column":null}}]}},"s":{"0":1,"1":1,"2":1,"3":1,"4":1,"5":1,"6":1,"7":1,"8":1,"9":23,"10":23,"11":23,"12":23,"13":23,"14":23,"15":23,"16":23,"17":23,"18":18,"19":8,"20":8,"21":8,"22":23,"23":9,"24":9,"25":8,"26":8,"27":7,"28":14,"29":7,"30":1,"31":1,"32":1,"33":9,"34":23,"35":9,"36":23,"37":16,"38":16,"39":16,"40":6,"41":6,"42":6,"43":6,"44":6,"45":23,"46":0,"47":0,"48":0,"49":0,"50":23,"51":1,"52":23,"53":1,"54":1,"55":2,"56":1,"57":1,"58":23,"59":9,"60":14,"61":3,"62":11,"63":0,"64":11,"65":20,"66":0,"67":0,"68":1},"f":{"0":23,"1":18,"2":9,"3":14,"4":9,"5":16,"6":6,"7":0,"8":1,"9":1,"10":1,"11":2,"12":20,"13":0,"14":0},"b":{"0":[8],"1":[8,0,0],"2":[7,1],"3":[8,8],"4":[14,0],"5":[14,0],"6":[14,0],"7":[14,0],"8":[14,0],"9":[14,0],"10":[14,0],"11":[14,0],"12":[14,0],"13":[14,7],"14":[6],"15":[0],"16":[0,0],"17":[1],"18":[9],"19":[23,14],"20":[3],"21":[14,12],"22":[3,1],"23":[0],"24":[11,1],"25":[11,6]}}
,"D:\\Magic\\MovieExplorer\\src\\pages\\Auth\\Login.tsx": {"path":"D:\\Magic\\MovieExplorer\\src\\pages\\Auth\\Login.tsx","statementMap":{"0":{"start":{"line":1,"column":0},"end":{"line":1,"column":26}},"1":{"start":{"line":2,"column":0},"end":{"line":2,"column":57}},"2":{"start":{"line":6,"column":4},"end":{"line":6,"column":24}},"3":{"start":{"line":10,"column":0},"end":{"line":10,"column":21}}},"fnMap":{"0":{"name":"(anonymous_1)","decl":{"start":{"line":5,"column":2},"end":{"line":5,"column":8}},"loc":{"start":{"line":5,"column":8},"end":{"line":7,"column":3}}}},"branchMap":{},"s":{"0":1,"1":1,"2":1,"3":1},"f":{"0":1},"b":{}}
,"D:\\Magic\\MovieExplorer\\src\\pages\\Auth\\SignUp.tsx": {"path":"D:\\Magic\\MovieExplorer\\src\\pages\\Auth\\SignUp.tsx","statementMap":{"0":{"start":{"line":1,"column":0},"end":{"line":1,"column":26}},"1":{"start":{"line":2,"column":0},"end":{"line":2,"column":57}},"2":{"start":{"line":6,"column":4},"end":{"line":6,"column":33}},"3":{"start":{"line":10,"column":0},"end":{"line":10,"column":22}}},"fnMap":{"0":{"name":"(anonymous_1)","decl":{"start":{"line":5,"column":2},"end":{"line":5,"column":8}},"loc":{"start":{"line":5,"column":8},"end":{"line":7,"column":3}}}},"branchMap":{},"s":{"0":1,"1":1,"2":1,"3":1},"f":{"0":1},"b":{}}
,"D:\\Magic\\MovieExplorer\\src\\utils\\API.ts": {"path":"D:\\Magic\\MovieExplorer\\src\\utils\\API.ts","statementMap":{"0":{"start":{"line":1,"column":0},"end":{"line":1,"column":36}},"1":{"start":{"line":2,"column":0},"end":{"line":2,"column":45}},"2":{"start":{"line":4,"column":17},"end":{"line":4,"column":70}},"3":{"start":{"line":20,"column":24},"end":{"line":45,"column":1}},"4":{"start":{"line":21,"column":30},"end":{"line":21,"column":37}},"5":{"start":{"line":23,"column":2},"end":{"line":44,"column":3}},"6":{"start":{"line":24,"column":23},"end":{"line":30,"column":null}},"7":{"start":{"line":32,"column":6},"end":{"line":32,"column":58}},"8":{"start":{"line":33,"column":19},"end":{"line":33,"column":71}},"9":{"start":{"line":34,"column":6},"end":{"line":34,"column":25}},"10":{"start":{"line":35,"column":6},"end":{"line":35,"column":67}},"11":{"start":{"line":36,"column":41},"end":{"line":38,"column":null}},"12":{"start":{"line":40,"column":6},"end":{"line":40,"column":26}},"13":{"start":{"line":43,"column":6},"end":{"line":43,"column":62}},"14":{"start":{"line":20,"column":13},"end":{"line":20,"column":24}},"15":{"start":{"line":49,"column":22},"end":{"line":76,"column":1}},"16":{"start":{"line":50,"column":53},"end":{"line":50,"column":60}},"17":{"start":{"line":52,"column":4},"end":{"line":75,"column":5}},"18":{"start":{"line":53,"column":25},"end":{"line":59,"column":null}},"19":{"start":{"line":61,"column":8},"end":{"line":61,"column":50}},"20":{"start":{"line":62,"column":8},"end":{"line":62,"column":29}},"21":{"start":{"line":64,"column":8},"end":{"line":64,"column":65}},"22":{"start":{"line":65,"column":29},"end":{"line":65,"column":57}},"23":{"start":{"line":66,"column":8},"end":{"line":66,"column":69}},"24":{"start":{"line":68,"column":8},"end":{"line":73,"column":9}},"25":{"start":{"line":69,"column":12},"end":{"line":69,"column":41}},"26":{"start":{"line":72,"column":12},"end":{"line":72,"column":38}},"27":{"start":{"line":74,"column":8},"end":{"line":74,"column":38}},"28":{"start":{"line":49,"column":13},"end":{"line":49,"column":22}},"29":{"start":{"line":104,"column":30},"end":{"line":135,"column":3}},"30":{"start":{"line":105,"column":4},"end":{"line":134,"column":5}},"31":{"start":{"line":106,"column":23},"end":{"line":111,"column":8}},"32":{"start":{"line":112,"column":39},"end":{"line":120,"column":8}},"33":{"start":{"line":121,"column":6},"end":{"line":121,"column":48}},"34":{"start":{"line":122,"column":6},"end":{"line":122,"column":23}},"35":{"start":{"line":124,"column":6},"end":{"line":124,"column":61}},"36":{"start":{"line":125,"column":6},"end":{"line":133,"column":8}},"37":{"start":{"line":104,"column":15},"end":{"line":104,"column":30}},"38":{"start":{"line":155,"column":39},"end":{"line":187,"column":3}},"39":{"start":{"line":156,"column":4},"end":{"line":186,"column":5}},"40":{"start":{"line":157,"column":6},"end":{"line":160,"column":7}},"41":{"start":{"line":158,"column":8},"end":{"line":158,"column":50}},"42":{"start":{"line":159,"column":8},"end":{"line":159,"column":57}},"43":{"start":{"line":162,"column":69},"end":{"line":168,"column":null}},"44":{"start":{"line":171,"column":6},"end":{"line":173,"column":7}},"45":{"start":{"line":172,"column":8},"end":{"line":172,"column":45}},"46":{"start":{"line":175,"column":6},"end":{"line":175,"column":27}},"47":{"start":{"line":177,"column":6},"end":{"line":181,"column":9}},"48":{"start":{"line":182,"column":6},"end":{"line":184,"column":7}},"49":{"start":{"line":183,"column":8},"end":{"line":183,"column":94}},"50":{"start":{"line":185,"column":6},"end":{"line":185,"column":54}},"51":{"start":{"line":155,"column":15},"end":{"line":155,"column":39}},"52":{"start":{"line":188,"column":36},"end":{"line":224,"column":1}},"53":{"start":{"line":189,"column":4},"end":{"line":223,"column":5}},"54":{"start":{"line":190,"column":20},"end":{"line":190,"column":49}},"55":{"start":{"line":191,"column":6},"end":{"line":191,"column":45}},"56":{"start":{"line":192,"column":6},"end":{"line":195,"column":7}},"57":{"start":{"line":193,"column":8},"end":{"line":193,"column":50}},"58":{"start":{"line":194,"column":8},"end":{"line":194,"column":57}},"59":{"start":{"line":197,"column":23},"end":{"line":205,"column":null}},"60":{"start":{"line":208,"column":6},"end":{"line":208,"column":50}},"61":{"start":{"line":210,"column":6},"end":{"line":212,"column":7}},"62":{"start":{"line":211,"column":8},"end":{"line":211,"column":45}},"63":{"start":{"line":214,"column":26},"end":{"line":214,"column":107}},"64":{"start":{"line":215,"column":6},"end":{"line":217,"column":7}},"65":{"start":{"line":216,"column":8},"end":{"line":216,"column":65}},"66":{"start":{"line":219,"column":6},"end":{"line":219,"column":25}},"67":{"start":{"line":221,"column":6},"end":{"line":221,"column":59}},"68":{"start":{"line":222,"column":6},"end":{"line":222,"column":74}},"69":{"start":{"line":188,"column":15},"end":{"line":188,"column":36}},"70":{"start":{"line":227,"column":29},"end":{"line":249,"column":1}},"71":{"start":{"line":228,"column":16},"end":{"line":228,"column":45}},"72":{"start":{"line":229,"column":4},"end":{"line":229,"column":43}},"73":{"start":{"line":230,"column":4},"end":{"line":233,"column":5}},"74":{"start":{"line":231,"column":6},"end":{"line":231,"column":48}},"75":{"start":{"line":232,"column":6},"end":{"line":232,"column":55}},"76":{"start":{"line":234,"column":2},"end":{"line":248,"column":3}},"77":{"start":{"line":235,"column":21},"end":{"line":241,"column":6}},"78":{"start":{"line":242,"column":25},"end":{"line":242,"column":38}},"79":{"start":{"line":243,"column":4},"end":{"line":243,"column":47}},"80":{"start":{"line":244,"column":4},"end":{"line":244,"column":17}},"81":{"start":{"line":246,"column":4},"end":{"line":246,"column":72}},"82":{"start":{"line":247,"column":4},"end":{"line":247,"column":16}},"83":{"start":{"line":227,"column":13},"end":{"line":227,"column":29}},"84":{"start":{"line":253,"column":32},"end":{"line":290,"column":1}},"85":{"start":{"line":254,"column":2},"end":{"line":289,"column":3}},"86":{"start":{"line":255,"column":21},"end":{"line":264,"column":6}},"87":{"start":{"line":266,"column":37},"end":{"line":274,"column":6}},"88":{"start":{"line":276,"column":4},"end":{"line":276,"column":79}},"89":{"start":{"line":277,"column":4},"end":{"line":277,"column":21}},"90":{"start":{"line":279,"column":4},"end":{"line":279,"column":92}},"91":{"start":{"line":280,"column":4},"end":{"line":288,"column":6}},"92":{"start":{"line":253,"column":13},"end":{"line":253,"column":32}},"93":{"start":{"line":292,"column":35},"end":{"line":333,"column":1}},"94":{"start":{"line":293,"column":2},"end":{"line":332,"column":3}},"95":{"start":{"line":294,"column":68},"end":{"line":297,"column":6}},"96":{"start":{"line":298,"column":4},"end":{"line":300,"column":5}},"97":{"start":{"line":299,"column":6},"end":{"line":299,"column":27}},"98":{"start":{"line":301,"column":21},"end":{"line":307,"column":6}},"99":{"start":{"line":309,"column":37},"end":{"line":317,"column":6}},"100":{"start":{"line":319,"column":4},"end":{"line":319,"column":79}},"101":{"start":{"line":320,"column":4},"end":{"line":320,"column":21}},"102":{"start":{"line":322,"column":4},"end":{"line":322,"column":92}},"103":{"start":{"line":323,"column":4},"end":{"line":331,"column":6}},"104":{"start":{"line":292,"column":13},"end":{"line":292,"column":35}},"105":{"start":{"line":369,"column":27},"end":{"line":413,"column":1}},"106":{"start":{"line":370,"column":2},"end":{"line":412,"column":3}},"107":{"start":{"line":371,"column":18},"end":{"line":371,"column":47}},"108":{"start":{"line":372,"column":4},"end":{"line":372,"column":43}},"109":{"start":{"line":373,"column":4},"end":{"line":376,"column":5}},"110":{"start":{"line":374,"column":6},"end":{"line":374,"column":48}},"111":{"start":{"line":375,"column":6},"end":{"line":375,"column":55}},"112":{"start":{"line":378,"column":26},"end":{"line":378,"column":40}},"113":{"start":{"line":379,"column":4},"end":{"line":379,"column":57}},"114":{"start":{"line":380,"column":4},"end":{"line":380,"column":57}},"115":{"start":{"line":381,"column":4},"end":{"line":381,"column":70}},"116":{"start":{"line":382,"column":4},"end":{"line":382,"column":63}},"117":{"start":{"line":383,"column":4},"end":{"line":383,"column":63}},"118":{"start":{"line":384,"column":4},"end":{"line":384,"column":69}},"119":{"start":{"line":385,"column":4},"end":{"line":385,"column":64}},"120":{"start":{"line":386,"column":4},"end":{"line":386,"column":82}},"121":{"start":{"line":387,"column":4},"end":{"line":387,"column":59}},"122":{"start":{"line":388,"column":4},"end":{"line":388,"column":71}},"123":{"start":{"line":389,"column":4},"end":{"line":391,"column":5}},"124":{"start":{"line":390,"column":6},"end":{"line":390,"column":61}},"125":{"start":{"line":392,"column":4},"end":{"line":394,"column":5}},"126":{"start":{"line":393,"column":6},"end":{"line":393,"column":61}},"127":{"start":{"line":396,"column":21},"end":{"line":402,"column":6}},"128":{"start":{"line":404,"column":25},"end":{"line":404,"column":44}},"129":{"start":{"line":405,"column":4},"end":{"line":405,"column":54}},"130":{"start":{"line":406,"column":4},"end":{"line":406,"column":17}},"131":{"start":{"line":408,"column":4},"end":{"line":408,"column":80}},"132":{"start":{"line":409,"column":25},"end":{"line":409,"column":80}},"133":{"start":{"line":410,"column":4},"end":{"line":410,"column":30}},"134":{"start":{"line":411,"column":4},"end":{"line":411,"column":16}},"135":{"start":{"line":369,"column":13},"end":{"line":369,"column":27}},"136":{"start":{"line":416,"column":27},"end":{"line":460,"column":1}},"137":{"start":{"line":417,"column":2},"end":{"line":459,"column":3}},"138":{"start":{"line":418,"column":18},"end":{"line":418,"column":47}},"139":{"start":{"line":419,"column":4},"end":{"line":419,"column":43}},"140":{"start":{"line":420,"column":4},"end":{"line":423,"column":5}},"141":{"start":{"line":421,"column":6},"end":{"line":421,"column":48}},"142":{"start":{"line":422,"column":6},"end":{"line":422,"column":55}},"143":{"start":{"line":425,"column":26},"end":{"line":425,"column":40}},"144":{"start":{"line":426,"column":4},"end":{"line":426,"column":57}},"145":{"start":{"line":427,"column":4},"end":{"line":427,"column":57}},"146":{"start":{"line":428,"column":4},"end":{"line":428,"column":70}},"147":{"start":{"line":429,"column":4},"end":{"line":429,"column":63}},"148":{"start":{"line":430,"column":4},"end":{"line":430,"column":63}},"149":{"start":{"line":431,"column":4},"end":{"line":431,"column":69}},"150":{"start":{"line":432,"column":4},"end":{"line":432,"column":64}},"151":{"start":{"line":433,"column":4},"end":{"line":433,"column":82}},"152":{"start":{"line":434,"column":4},"end":{"line":434,"column":59}},"153":{"start":{"line":435,"column":4},"end":{"line":435,"column":71}},"154":{"start":{"line":436,"column":4},"end":{"line":438,"column":5}},"155":{"start":{"line":437,"column":6},"end":{"line":437,"column":61}},"156":{"start":{"line":439,"column":4},"end":{"line":441,"column":5}},"157":{"start":{"line":440,"column":6},"end":{"line":440,"column":61}},"158":{"start":{"line":443,"column":21},"end":{"line":449,"column":6}},"159":{"start":{"line":451,"column":25},"end":{"line":451,"column":44}},"160":{"start":{"line":452,"column":4},"end":{"line":452,"column":54}},"161":{"start":{"line":453,"column":4},"end":{"line":453,"column":17}},"162":{"start":{"line":455,"column":4},"end":{"line":455,"column":80}},"163":{"start":{"line":456,"column":25},"end":{"line":456,"column":80}},"164":{"start":{"line":457,"column":4},"end":{"line":457,"column":30}},"165":{"start":{"line":458,"column":4},"end":{"line":458,"column":16}},"166":{"start":{"line":416,"column":13},"end":{"line":416,"column":27}},"167":{"start":{"line":462,"column":27},"end":{"line":487,"column":1}},"168":{"start":{"line":463,"column":2},"end":{"line":486,"column":3}},"169":{"start":{"line":464,"column":18},"end":{"line":464,"column":47}},"170":{"start":{"line":465,"column":4},"end":{"line":465,"column":43}},"171":{"start":{"line":466,"column":4},"end":{"line":469,"column":5}},"172":{"start":{"line":467,"column":6},"end":{"line":467,"column":48}},"173":{"start":{"line":468,"column":6},"end":{"line":468,"column":55}},"174":{"start":{"line":471,"column":4},"end":{"line":476,"column":7}},"175":{"start":{"line":478,"column":4},"end":{"line":478,"column":60}},"176":{"start":{"line":479,"column":4},"end":{"line":479,"column":49}},"177":{"start":{"line":480,"column":4},"end":{"line":480,"column":16}},"178":{"start":{"line":482,"column":4},"end":{"line":482,"column":80}},"179":{"start":{"line":483,"column":25},"end":{"line":483,"column":80}},"180":{"start":{"line":484,"column":4},"end":{"line":484,"column":30}},"181":{"start":{"line":485,"column":4},"end":{"line":485,"column":17}},"182":{"start":{"line":462,"column":13},"end":{"line":462,"column":27}},"183":{"start":{"line":497,"column":34},"end":{"line":534,"column":1}},"184":{"start":{"line":498,"column":2},"end":{"line":533,"column":3}},"185":{"start":{"line":499,"column":21},"end":{"line":499,"column":49}},"186":{"start":{"line":500,"column":4},"end":{"line":502,"column":5}},"187":{"start":{"line":501,"column":6},"end":{"line":501,"column":74}},"188":{"start":{"line":504,"column":27},"end":{"line":504,"column":47}},"189":{"start":{"line":505,"column":22},"end":{"line":505,"column":33}},"190":{"start":{"line":506,"column":4},"end":{"line":508,"column":5}},"191":{"start":{"line":507,"column":6},"end":{"line":507,"column":69}},"192":{"start":{"line":510,"column":4},"end":{"line":510,"column":56}},"193":{"start":{"line":511,"column":4},"end":{"line":511,"column":48}},"194":{"start":{"line":513,"column":36},"end":{"line":521,"column":null}},"195":{"start":{"line":524,"column":4},"end":{"line":524,"column":77}},"196":{"start":{"line":525,"column":4},"end":{"line":525,"column":25}},"197":{"start":{"line":527,"column":4},"end":{"line":527,"column":67}},"198":{"start":{"line":528,"column":4},"end":{"line":531,"column":5}},"199":{"start":{"line":529,"column":42},"end":{"line":529,"column":67}},"200":{"start":{"line":530,"column":6},"end":{"line":530,"column":150}},"201":{"start":{"line":532,"column":4},"end":{"line":532,"column":16}},"202":{"start":{"line":497,"column":13},"end":{"line":497,"column":34}}},"fnMap":{"0":{"name":"(anonymous_1)","decl":{"start":{"line":20,"column":24},"end":{"line":20,"column":29}},"loc":{"start":{"line":20,"column":79},"end":{"line":45,"column":1}}},"1":{"name":"(anonymous_2)","decl":{"start":{"line":49,"column":22},"end":{"line":49,"column":27}},"loc":{"start":{"line":49,"column":114},"end":{"line":76,"column":1}}},"2":{"name":"(anonymous_3)","decl":{"start":{"line":104,"column":30},"end":{"line":104,"column":35}},"loc":{"start":{"line":104,"column":81},"end":{"line":135,"column":3}}},"3":{"name":"(anonymous_4)","decl":{"start":{"line":155,"column":39},"end":{"line":155,"column":44}},"loc":{"start":{"line":155,"column":92},"end":{"line":187,"column":3}}},"4":{"name":"(anonymous_5)","decl":{"start":{"line":188,"column":36},"end":{"line":188,"column":41}},"loc":{"start":{"line":188,"column":80},"end":{"line":224,"column":1}}},"5":{"name":"(anonymous_6)","decl":{"start":{"line":227,"column":29},"end":{"line":227,"column":34}},"loc":{"start":{"line":227,"column":50},"end":{"line":249,"column":1}}},"6":{"name":"(anonymous_7)","decl":{"start":{"line":253,"column":32},"end":{"line":253,"column":37}},"loc":{"start":{"line":253,"column":98},"end":{"line":290,"column":1}}},"7":{"name":"(anonymous_8)","decl":{"start":{"line":292,"column":35},"end":{"line":292,"column":40}},"loc":{"start":{"line":292,"column":117},"end":{"line":333,"column":1}}},"8":{"name":"(anonymous_9)","decl":{"start":{"line":369,"column":27},"end":{"line":369,"column":32}},"loc":{"start":{"line":369,"column":84},"end":{"line":413,"column":1}}},"9":{"name":"(anonymous_10)","decl":{"start":{"line":416,"column":27},"end":{"line":416,"column":32}},"loc":{"start":{"line":416,"column":96},"end":{"line":460,"column":1}}},"10":{"name":"(anonymous_11)","decl":{"start":{"line":462,"column":27},"end":{"line":462,"column":32}},"loc":{"start":{"line":462,"column":66},"end":{"line":487,"column":1}}},"11":{"name":"(anonymous_12)","decl":{"start":{"line":497,"column":34},"end":{"line":497,"column":39}},"loc":{"start":{"line":497,"column":72},"end":{"line":534,"column":1}}}},"branchMap":{"0":{"loc":{"start":{"line":68,"column":8},"end":{"line":73,"column":9}},"type":"if","locations":[{"start":{"line":68,"column":8},"end":{"line":73,"column":9}},{"start":{"line":71,"column":12},"end":{"line":73,"column":9}}]},"1":{"loc":{"start":{"line":104,"column":37},"end":{"line":104,"column":53}},"type":"default-arg","locations":[{"start":{"line":104,"column":52},"end":{"line":104,"column":53}}]},"2":{"loc":{"start":{"line":113,"column":16},"end":{"line":113,"column":42}},"type":"binary-expr","locations":[{"start":{"line":113,"column":16},"end":{"line":113,"column":36}},{"start":{"line":113,"column":40},"end":{"line":113,"column":42}}]},"3":{"loc":{"start":{"line":114,"column":20},"end":{"line":119,"column":null}},"type":"binary-expr","locations":[{"start":{"line":114,"column":20},"end":{"line":114,"column":44}},{"start":{"line":114,"column":48},"end":{"line":119,"column":null}}]},"4":{"loc":{"start":{"line":117,"column":23},"end":{"line":117,"column":56}},"type":"binary-expr","locations":[{"start":{"line":117,"column":23},"end":{"line":117,"column":51}},{"start":{"line":117,"column":55},"end":{"line":117,"column":56}}]},"5":{"loc":{"start":{"line":157,"column":6},"end":{"line":160,"column":7}},"type":"if","locations":[{"start":{"line":157,"column":6},"end":{"line":160,"column":7}}]},"6":{"loc":{"start":{"line":171,"column":6},"end":{"line":173,"column":7}},"type":"if","locations":[{"start":{"line":171,"column":6},"end":{"line":173,"column":7}}]},"7":{"loc":{"start":{"line":178,"column":17},"end":{"line":178,"column":73}},"type":"cond-expr","locations":[{"start":{"line":178,"column":42},"end":{"line":178,"column":55}},{"start":{"line":178,"column":58},"end":{"line":178,"column":73}}]},"8":{"loc":{"start":{"line":179,"column":18},"end":{"line":179,"column":78}},"type":"cond-expr","locations":[{"start":{"line":179,"column":46},"end":{"line":179,"column":66}},{"start":{"line":179,"column":69},"end":{"line":179,"column":78}}]},"9":{"loc":{"start":{"line":180,"column":16},"end":{"line":180,"column":78}},"type":"cond-expr","locations":[{"start":{"line":180,"column":44},"end":{"line":180,"column":66}},{"start":{"line":180,"column":69},"end":{"line":180,"column":78}}]},"10":{"loc":{"start":{"line":182,"column":6},"end":{"line":184,"column":7}},"type":"if","locations":[{"start":{"line":182,"column":6},"end":{"line":184,"column":7}}]},"11":{"loc":{"start":{"line":183,"column":24},"end":{"line":183,"column":92}},"type":"binary-expr","locations":[{"start":{"line":183,"column":24},"end":{"line":183,"column":51}},{"start":{"line":183,"column":55},"end":{"line":183,"column":92}}]},"12":{"loc":{"start":{"line":192,"column":6},"end":{"line":195,"column":7}},"type":"if","locations":[{"start":{"line":192,"column":6},"end":{"line":195,"column":7}}]},"13":{"loc":{"start":{"line":210,"column":6},"end":{"line":212,"column":7}},"type":"if","locations":[{"start":{"line":210,"column":6},"end":{"line":212,"column":7}}]},"14":{"loc":{"start":{"line":214,"column":26},"end":{"line":214,"column":107}},"type":"binary-expr","locations":[{"start":{"line":214,"column":26},"end":{"line":214,"column":51}},{"start":{"line":214,"column":55},"end":{"line":214,"column":86}},{"start":{"line":214,"column":90},"end":{"line":214,"column":107}}]},"15":{"loc":{"start":{"line":215,"column":6},"end":{"line":217,"column":7}},"type":"if","locations":[{"start":{"line":215,"column":6},"end":{"line":217,"column":7}}]},"16":{"loc":{"start":{"line":222,"column":22},"end":{"line":222,"column":72}},"type":"binary-expr","locations":[{"start":{"line":222,"column":22},"end":{"line":222,"column":35}},{"start":{"line":222,"column":39},"end":{"line":222,"column":72}}]},"17":{"loc":{"start":{"line":230,"column":4},"end":{"line":233,"column":5}},"type":"if","locations":[{"start":{"line":230,"column":4},"end":{"line":233,"column":5}}]},"18":{"loc":{"start":{"line":253,"column":54},"end":{"line":253,"column":70}},"type":"default-arg","locations":[{"start":{"line":253,"column":69},"end":{"line":253,"column":70}}]},"19":{"loc":{"start":{"line":267,"column":14},"end":{"line":267,"column":40}},"type":"binary-expr","locations":[{"start":{"line":267,"column":14},"end":{"line":267,"column":34}},{"start":{"line":267,"column":38},"end":{"line":267,"column":40}}]},"20":{"loc":{"start":{"line":268,"column":18},"end":{"line":273,"column":null}},"type":"binary-expr","locations":[{"start":{"line":268,"column":18},"end":{"line":268,"column":42}},{"start":{"line":268,"column":46},"end":{"line":273,"column":null}}]},"21":{"loc":{"start":{"line":271,"column":21},"end":{"line":271,"column":54}},"type":"binary-expr","locations":[{"start":{"line":271,"column":21},"end":{"line":271,"column":49}},{"start":{"line":271,"column":53},"end":{"line":271,"column":54}}]},"22":{"loc":{"start":{"line":292,"column":57},"end":{"line":292,"column":73}},"type":"default-arg","locations":[{"start":{"line":292,"column":72},"end":{"line":292,"column":73}}]},"23":{"loc":{"start":{"line":298,"column":4},"end":{"line":300,"column":5}},"type":"if","locations":[{"start":{"line":298,"column":4},"end":{"line":300,"column":5}}]},"24":{"loc":{"start":{"line":298,"column":8},"end":{"line":298,"column":32}},"type":"binary-expr","locations":[{"start":{"line":298,"column":8},"end":{"line":298,"column":13}},{"start":{"line":298,"column":17},"end":{"line":298,"column":32}}]},"25":{"loc":{"start":{"line":310,"column":14},"end":{"line":310,"column":40}},"type":"binary-expr","locations":[{"start":{"line":310,"column":14},"end":{"line":310,"column":34}},{"start":{"line":310,"column":38},"end":{"line":310,"column":40}}]},"26":{"loc":{"start":{"line":311,"column":18},"end":{"line":316,"column":null}},"type":"binary-expr","locations":[{"start":{"line":311,"column":18},"end":{"line":311,"column":42}},{"start":{"line":311,"column":46},"end":{"line":316,"column":null}}]},"27":{"loc":{"start":{"line":314,"column":21},"end":{"line":314,"column":54}},"type":"binary-expr","locations":[{"start":{"line":314,"column":21},"end":{"line":314,"column":49}},{"start":{"line":314,"column":53},"end":{"line":314,"column":54}}]},"28":{"loc":{"start":{"line":373,"column":4},"end":{"line":376,"column":5}},"type":"if","locations":[{"start":{"line":373,"column":4},"end":{"line":376,"column":5}}]},"29":{"loc":{"start":{"line":389,"column":4},"end":{"line":391,"column":5}},"type":"if","locations":[{"start":{"line":389,"column":4},"end":{"line":391,"column":5}}]},"30":{"loc":{"start":{"line":392,"column":4},"end":{"line":394,"column":5}},"type":"if","locations":[{"start":{"line":392,"column":4},"end":{"line":394,"column":5}}]},"31":{"loc":{"start":{"line":409,"column":25},"end":{"line":409,"column":80}},"type":"binary-expr","locations":[{"start":{"line":409,"column":25},"end":{"line":409,"column":52}},{"start":{"line":409,"column":56},"end":{"line":409,"column":80}}]},"32":{"loc":{"start":{"line":420,"column":4},"end":{"line":423,"column":5}},"type":"if","locations":[{"start":{"line":420,"column":4},"end":{"line":423,"column":5}}]},"33":{"loc":{"start":{"line":436,"column":4},"end":{"line":438,"column":5}},"type":"if","locations":[{"start":{"line":436,"column":4},"end":{"line":438,"column":5}}]},"34":{"loc":{"start":{"line":439,"column":4},"end":{"line":441,"column":5}},"type":"if","locations":[{"start":{"line":439,"column":4},"end":{"line":441,"column":5}}]},"35":{"loc":{"start":{"line":456,"column":25},"end":{"line":456,"column":80}},"type":"binary-expr","locations":[{"start":{"line":456,"column":25},"end":{"line":456,"column":52}},{"start":{"line":456,"column":56},"end":{"line":456,"column":80}}]},"36":{"loc":{"start":{"line":466,"column":4},"end":{"line":469,"column":5}},"type":"if","locations":[{"start":{"line":466,"column":4},"end":{"line":469,"column":5}}]},"37":{"loc":{"start":{"line":483,"column":25},"end":{"line":483,"column":80}},"type":"binary-expr","locations":[{"start":{"line":483,"column":25},"end":{"line":483,"column":52}},{"start":{"line":483,"column":56},"end":{"line":483,"column":80}}]},"38":{"loc":{"start":{"line":500,"column":4},"end":{"line":502,"column":5}},"type":"if","locations":[{"start":{"line":500,"column":4},"end":{"line":502,"column":5}}]},"39":{"loc":{"start":{"line":506,"column":4},"end":{"line":508,"column":5}},"type":"if","locations":[{"start":{"line":506,"column":4},"end":{"line":508,"column":5}}]},"40":{"loc":{"start":{"line":528,"column":4},"end":{"line":531,"column":5}},"type":"if","locations":[{"start":{"line":528,"column":4},"end":{"line":531,"column":5}}]},"41":{"loc":{"start":{"line":529,"column":42},"end":{"line":529,"column":67}},"type":"binary-expr","locations":[{"start":{"line":529,"column":42},"end":{"line":529,"column":61}},{"start":{"line":529,"column":65},"end":{"line":529,"column":67}}]},"42":{"loc":{"start":{"line":530,"column":110},"end":{"line":530,"column":146}},"type":"binary-expr","locations":[{"start":{"line":530,"column":110},"end":{"line":530,"column":127}},{"start":{"line":530,"column":131},"end":{"line":530,"column":146}}]}},"s":{"0":1,"1":1,"2":1,"3":1,"4":0,"5":0,"6":0,"7":0,"8":0,"9":0,"10":0,"11":0,"12":0,"13":0,"14":1,"15":1,"16":0,"17":0,"18":0,"19":0,"20":0,"21":0,"22":0,"23":0,"24":0,"25":0,"26":0,"27":0,"28":1,"29":1,"30":0,"31":0,"32":0,"33":0,"34":0,"35":0,"36":0,"37":1,"38":1,"39":0,"40":0,"41":0,"42":0,"43":0,"44":0,"45":0,"46":0,"47":0,"48":0,"49":0,"50":0,"51":1,"52":1,"53":0,"54":0,"55":0,"56":0,"57":0,"58":0,"59":0,"60":0,"61":0,"62":0,"63":0,"64":0,"65":0,"66":0,"67":0,"68":0,"69":1,"70":1,"71":0,"72":0,"73":0,"74":0,"75":0,"76":0,"77":0,"78":0,"79":0,"80":0,"81":0,"82":0,"83":1,"84":1,"85":0,"86":0,"87":0,"88":0,"89":0,"90":0,"91":0,"92":1,"93":1,"94":0,"95":0,"96":0,"97":0,"98":0,"99":0,"100":0,"101":0,"102":0,"103":0,"104":1,"105":1,"106":0,"107":0,"108":0,"109":0,"110":0,"111":0,"112":0,"113":0,"114":0,"115":0,"116":0,"117":0,"118":0,"119":0,"120":0,"121":0,"122":0,"123":0,"124":0,"125":0,"126":0,"127":0,"128":0,"129":0,"130":0,"131":0,"132":0,"133":0,"134":0,"135":1,"136":1,"137":0,"138":0,"139":0,"140":0,"141":0,"142":0,"143":0,"144":0,"145":0,"146":0,"147":0,"148":0,"149":0,"150":0,"151":0,"152":0,"153":0,"154":0,"155":0,"156":0,"157":0,"158":0,"159":0,"160":0,"161":0,"162":0,"163":0,"164":0,"165":0,"166":1,"167":1,"168":0,"169":0,"170":0,"171":0,"172":0,"173":0,"174":0,"175":0,"176":0,"177":0,"178":0,"179":0,"180":0,"181":0,"182":1,"183":1,"184":0,"185":0,"186":0,"187":0,"188":0,"189":0,"190":0,"191":0,"192":0,"193":0,"194":0,"195":0,"196":0,"197":0,"198":0,"199":0,"200":0,"201":0,"202":1},"f":{"0":0,"1":0,"2":0,"3":0,"4":0,"5":0,"6":0,"7":0,"8":0,"9":0,"10":0,"11":0},"b":{"0":[0,0],"1":[0],"2":[0,0],"3":[0,0],"4":[0,0],"5":[0],"6":[0],"7":[0,0],"8":[0,0],"9":[0,0],"10":[0],"11":[0,0],"12":[0],"13":[0],"14":[0,0,0],"15":[0],"16":[0,0],"17":[0],"18":[0],"19":[0,0],"20":[0,0],"21":[0,0],"22":[0],"23":[0],"24":[0,0],"25":[0,0],"26":[0,0],"27":[0,0],"28":[0],"29":[0],"30":[0],"31":[0,0],"32":[0],"33":[0],"34":[0],"35":[0,0],"36":[0],"37":[0,0],"38":[0],"39":[0],"40":[0],"41":[0,0],"42":[0,0]}}
}
