TN:
SF:src\components\common\Footer.tsx
FN:9,(anonymous_10)
FNF:1
FNH:1
FNDA:31,(anonymous_10)
DA:1,1
DA:2,1
DA:3,1
DA:4,1
DA:5,1
DA:6,1
DA:10,31
DA:126,1
LF:8
LH:8
BRF:0
BRH:0
end_of_record
TN:
SF:src\components\common\Header.tsx
FN:30,(anonymous_10)
FN:52,(anonymous_11)
FN:87,(anonymous_12)
FN:97,(anonymous_13)
FN:98,(anonymous_14)
FN:102,(anonymous_15)
FN:105,(anonymous_16)
FN:113,(anonymous_17)
FN:117,(anonymous_18)
FN:119,(anonymous_19)
FN:120,(anonymous_20)
FN:125,(anonymous_21)
FN:129,(anonymous_22)
FN:133,(anonymous_23)
FN:137,(anonymous_24)
FN:142,(anonymous_25)
FN:146,(anonymous_26)
FN:798,(anonymous_27)
FNF:18
FNH:14
FNDA:53,(anonymous_10)
FNDA:20,(anonymous_11)
FNDA:1,(anonymous_12)
FNDA:1,(anonymous_13)
FNDA:1,(anonymous_14)
FNDA:20,(anonymous_15)
FNDA:0,(anonymous_16)
FNDA:2,(anonymous_17)
FNDA:1,(anonymous_18)
FNDA:1,(anonymous_19)
FNDA:0,(anonymous_20)
FNDA:1,(anonymous_21)
FNDA:0,(anonymous_22)
FNDA:1119,(anonymous_23)
FNDA:55,(anonymous_24)
FNDA:0,(anonymous_25)
FNDA:55,(anonymous_26)
FNDA:2,(anonymous_27)
DA:1,2
DA:2,2
DA:3,2
DA:15,2
DA:16,2
DA:17,2
DA:18,2
DA:19,2
DA:20,2
DA:21,2
DA:22,2
DA:23,2
DA:24,2
DA:25,2
DA:26,2
DA:27,2
DA:28,2
DA:30,2
DA:31,53
DA:32,53
DA:33,53
DA:34,53
DA:42,53
DA:43,53
DA:44,53
DA:45,53
DA:46,53
DA:47,53
DA:48,53
DA:49,53
DA:50,53
DA:52,53
DA:53,20
DA:54,20
DA:55,20
DA:56,18
DA:57,17
DA:58,17
DA:59,17
DA:61,17
DA:62,15
DA:64,2
DA:67,17
DA:68,7
DA:70,17
DA:71,17
DA:72,2
DA:74,15
DA:78,2
DA:79,2
DA:82,1
DA:83,1
DA:84,1
DA:87,20
DA:88,1
DA:89,1
DA:90,1
DA:91,1
DA:97,1
DA:98,1
DA:102,20
DA:105,53
DA:106,0
DA:107,0
DA:108,0
DA:109,0
DA:110,0
DA:113,53
DA:114,2
DA:117,53
DA:118,1
DA:119,1
DA:120,1
DA:122,1
DA:125,53
DA:126,1
DA:129,53
DA:130,0
DA:133,53
DA:134,1119
DA:137,53
DA:138,55
DA:139,55
DA:142,53
DA:143,0
DA:146,53
DA:147,55
DA:148,55
DA:175,55
DA:176,6
DA:225,49
DA:259,53
DA:799,2
DA:833,2
LF:94
LH:87
BRDA:55,0,0,18
BRDA:55,0,1,2
BRDA:61,1,0,15
BRDA:61,1,1,2
BRDA:61,2,0,17
BRDA:61,2,1,17
BRDA:67,3,0,7
BRDA:70,4,0,17
BRDA:71,5,0,2
BRDA:71,5,1,15
BRDA:74,6,0,6
BRDA:74,6,1,9
BRDA:74,7,0,15
BRDA:74,7,1,6
BRDA:90,8,0,1
BRDA:90,9,0,1
BRDA:90,9,1,1
BRDA:138,10,0,0
BRDA:146,11,0,26
BRDA:149,12,0,0
BRDA:149,12,1,55
BRDA:150,13,0,0
BRDA:150,13,1,55
BRDA:151,14,0,29
BRDA:151,14,1,26
BRDA:152,15,0,29
BRDA:152,15,1,26
BRDA:156,16,0,0
BRDA:156,16,1,55
BRDA:160,17,0,0
BRDA:160,17,1,0
BRDA:175,18,0,6
BRDA:176,19,0,3
BRDA:176,19,1,3
BRDA:181,20,0,0
BRDA:181,20,1,3
BRDA:182,21,0,0
BRDA:182,21,1,3
BRDA:187,22,0,0
BRDA:187,22,1,3
BRDA:192,23,0,0
BRDA:192,23,1,3
BRDA:201,24,0,0
BRDA:201,24,1,3
BRDA:204,25,0,0
BRDA:204,25,1,3
BRDA:207,26,0,0
BRDA:207,26,1,3
BRDA:209,27,0,0
BRDA:209,27,1,3
BRDA:225,28,0,26
BRDA:225,28,1,23
BRDA:230,29,0,0
BRDA:230,29,1,26
BRDA:231,30,0,0
BRDA:231,30,1,26
BRDA:236,31,0,0
BRDA:236,31,1,26
BRDA:241,32,0,0
BRDA:241,32,1,26
BRDA:273,33,0,53
BRDA:273,33,1,6
BRDA:283,34,0,1
BRDA:283,34,1,5
BRDA:286,35,0,1
BRDA:286,35,1,5
BRDA:329,36,0,53
BRDA:329,36,1,47
BRDA:345,37,0,16
BRDA:345,37,1,31
BRDA:346,38,0,16
BRDA:346,38,1,31
BRDA:352,39,0,16
BRDA:352,39,1,31
BRDA:380,40,0,0
BRDA:380,40,1,47
BRDA:381,41,0,0
BRDA:381,41,1,47
BRDA:387,42,0,0
BRDA:387,42,1,47
BRDA:411,43,0,47
BRDA:411,43,1,26
BRDA:416,44,0,53
BRDA:416,44,1,29
BRDA:445,45,0,53
BRDA:445,45,1,47
BRDA:447,46,0,21
BRDA:447,46,1,26
BRDA:498,47,0,9
BRDA:498,47,1,17
BRDA:511,48,0,1
BRDA:511,48,1,25
BRDA:511,49,0,25
BRDA:511,49,1,17
BRDA:521,50,0,53
BRDA:521,50,1,6
BRDA:521,50,2,3
BRDA:533,51,0,0
BRDA:533,51,1,3
BRDA:538,52,0,3
BRDA:538,52,1,0
BRDA:543,53,0,53
BRDA:543,53,1,6
BRDA:543,53,2,3
BRDA:594,54,0,53
BRDA:594,54,1,6
BRDA:620,55,0,53
BRDA:620,55,1,29
BRDA:627,56,0,1
BRDA:627,56,1,28
BRDA:630,57,0,12
BRDA:630,57,1,17
BRDA:634,58,0,29
BRDA:634,58,1,17
BRDA:634,59,0,0
BRDA:634,59,1,17
BRDA:651,60,0,22
BRDA:651,60,1,31
BRDA:652,61,0,22
BRDA:652,61,1,31
BRDA:658,62,0,22
BRDA:658,62,1,31
BRDA:664,63,0,22
BRDA:664,63,1,31
BRDA:672,64,0,0
BRDA:672,64,1,53
BRDA:673,65,0,0
BRDA:673,65,1,53
BRDA:679,66,0,0
BRDA:679,66,1,53
BRDA:685,67,0,0
BRDA:685,67,1,53
BRDA:689,68,0,53
BRDA:689,68,1,29
BRDA:691,69,0,53
BRDA:691,69,1,29
BRDA:696,70,0,0
BRDA:696,70,1,29
BRDA:697,71,0,0
BRDA:697,71,1,29
BRDA:703,72,0,0
BRDA:703,72,1,29
BRDA:709,73,0,0
BRDA:709,73,1,29
BRDA:714,74,0,53
BRDA:714,74,1,1
BRDA:719,75,0,0
BRDA:719,75,1,1
BRDA:720,76,0,0
BRDA:720,76,1,1
BRDA:726,77,0,0
BRDA:726,77,1,1
BRDA:732,78,0,0
BRDA:732,78,1,1
BRDA:740,79,0,24
BRDA:740,79,1,29
BRDA:797,80,0,2
BRDA:797,80,1,51
BRDA:805,81,0,0
BRDA:805,81,1,2
BRDA:806,82,0,0
BRDA:806,82,1,2
BRDA:809,83,0,0
BRDA:809,83,1,2
BRF:164
BRH:125
end_of_record
TN:
SF:src\components\layouts\AuthForm.tsx
FN:38,(anonymous_1)
FN:51,(anonymous_2)
FN:56,(anonymous_3)
FN:64,(anonymous_4)
FN:68,(anonymous_5)
FN:73,(anonymous_6)
FN:124,(anonymous_7)
FN:136,(anonymous_8)
FN:137,(anonymous_9)
FN:169,(anonymous_10)
FN:194,(anonymous_11)
FN:208,(anonymous_12)
FN:222,(anonymous_13)
FN:236,(anonymous_14)
FN:303,(anonymous_15)
FNF:15
FNH:15
FNDA:12,(anonymous_1)
FNDA:4,(anonymous_2)
FNDA:5,(anonymous_3)
FNDA:3,(anonymous_4)
FNDA:3,(anonymous_5)
FNDA:9,(anonymous_6)
FNDA:1,(anonymous_7)
FNDA:2,(anonymous_8)
FNDA:2,(anonymous_9)
FNDA:210,(anonymous_10)
FNDA:16,(anonymous_11)
FNDA:80,(anonymous_12)
FNDA:25,(anonymous_13)
FNDA:64,(anonymous_14)
FNDA:1,(anonymous_15)
DA:1,1
DA:2,1
DA:9,1
DA:10,1
DA:11,1
DA:12,1
DA:13,1
DA:39,12
DA:40,12
DA:51,12
DA:52,4
DA:53,4
DA:56,12
DA:57,5
DA:58,5
DA:59,5
DA:60,5
DA:61,5
DA:64,12
DA:65,3
DA:68,12
DA:69,3
DA:70,3
DA:73,12
DA:74,9
DA:75,9
DA:76,9
DA:77,9
DA:78,9
DA:80,9
DA:81,2
DA:82,2
DA:85,9
DA:86,5
DA:87,5
DA:88,4
DA:89,0
DA:90,0
DA:93,9
DA:94,1
DA:95,1
DA:98,9
DA:99,4
DA:100,4
DA:101,5
DA:102,1
DA:104,1
DA:107,9
DA:109,9
DA:110,4
DA:111,4
DA:112,4
DA:116,3
DA:117,0
DA:120,3
DA:121,3
DA:123,1
DA:124,1
DA:131,4
DA:136,12
DA:137,2
DA:140,12
DA:170,210
DA:171,210
DA:173,210
DA:194,16
DA:208,80
DA:222,25
DA:236,64
DA:303,1
DA:315,1
LF:71
LH:68
BRDA:61,0,0,5
BRDA:61,0,1,4
BRDA:61,0,2,4
BRDA:61,0,3,4
BRDA:70,1,0,3
BRDA:70,1,1,2
BRDA:75,2,0,6
BRDA:80,3,0,2
BRDA:80,4,0,9
BRDA:80,4,1,3
BRDA:85,5,0,5
BRDA:85,5,1,4
BRDA:88,6,0,0
BRDA:93,7,0,1
BRDA:93,8,0,9
BRDA:93,8,1,3
BRDA:98,9,0,4
BRDA:98,9,1,5
BRDA:101,10,0,1
BRDA:109,11,0,4
BRDA:112,12,0,1
BRDA:112,12,1,3
BRDA:116,13,0,0
BRDA:120,14,0,1
BRDA:120,14,1,2
BRDA:121,15,0,1
BRDA:121,15,1,2
BRDA:123,16,0,0
BRDA:123,16,1,1
BRDA:170,17,0,104
BRDA:185,18,0,106
BRDA:185,18,1,104
BRDA:189,19,0,210
BRDA:189,19,1,106
BRDA:217,20,0,210
BRDA:217,20,1,106
BRDA:234,21,0,1
BRDA:234,21,1,209
BRDA:251,22,0,1
BRDA:251,22,1,209
BRDA:282,23,0,4
BRDA:282,23,1,206
BRDA:283,24,0,1
BRDA:283,24,1,3
BRDA:286,25,0,105
BRDA:286,25,1,101
BRDA:300,26,0,106
BRDA:300,26,1,104
BRDA:303,27,0,0
BRDA:303,27,1,1
BRDA:306,28,0,106
BRDA:306,28,1,104
BRF:52
BRH:48
end_of_record
TN:
SF:src\components\layouts\AuthLayout.tsx
FN:11,(anonymous_1)
FN:15,(anonymous_2)
FNF:2
FNH:2
FNDA:1,(anonymous_1)
FNDA:3,(anonymous_2)
DA:1,1
DA:2,1
DA:3,1
DA:4,1
DA:11,3
DA:12,1
DA:16,3
DA:17,3
DA:89,1
LF:9
LH:9
BRF:0
BRH:0
end_of_record
TN:
SF:src\components\movieDetail\MovieDetail.tsx
FN:44,(anonymous_1)
FN:472,(anonymous_2)
FNF:2
FNH:2
FNDA:3,(anonymous_1)
FNDA:2,(anonymous_2)
DA:1,1
DA:2,1
DA:15,1
DA:16,1
DA:17,1
DA:18,1
DA:19,1
DA:20,1
DA:22,1
DA:44,1
DA:45,3
DA:48,3
DA:66,3
DA:69,3
DA:71,3
DA:72,1
DA:79,2
DA:80,1
DA:87,1
DA:473,2
DA:513,1
LF:21
LH:21
BRDA:50,0,0,3
BRDA:50,0,1,0
BRDA:51,1,0,3
BRDA:51,1,1,0
BRDA:52,2,0,3
BRDA:52,2,1,0
BRDA:53,3,0,3
BRDA:53,3,1,0
BRDA:54,4,0,3
BRDA:54,4,1,0
BRDA:55,5,0,3
BRDA:55,5,1,0
BRDA:59,6,0,3
BRDA:59,6,1,0
BRDA:60,7,0,3
BRDA:60,7,1,0
BRDA:61,8,0,3
BRDA:61,8,1,0
BRDA:62,9,0,3
BRDA:62,9,1,0
BRDA:63,10,0,3
BRDA:63,10,1,3
BRDA:69,11,0,3
BRDA:69,11,1,0
BRDA:71,12,0,1
BRDA:79,13,0,1
BRDA:164,14,0,1
BRDA:164,14,1,0
BRDA:502,15,0,0
BRDA:502,15,1,1
BRF:30
BRH:17
end_of_record
TN:
SF:src\components\moviesLayout\BigSlider.tsx
FN:19,(anonymous_1)
FN:26,(anonymous_2)
FN:27,(anonymous_3)
FN:28,(anonymous_4)
FN:34,(anonymous_5)
FN:40,(anonymous_6)
FN:41,(anonymous_7)
FN:46,(anonymous_8)
FN:47,(anonymous_9)
FN:52,(anonymous_10)
FN:75,(anonymous_11)
FNF:11
FNH:11
FNDA:7,(anonymous_1)
FNDA:7,(anonymous_2)
FNDA:1,(anonymous_3)
FNDA:1,(anonymous_4)
FNDA:7,(anonymous_5)
FNDA:1,(anonymous_6)
FNDA:1,(anonymous_7)
FNDA:1,(anonymous_8)
FNDA:1,(anonymous_9)
FNDA:10,(anonymous_10)
FNDA:27,(anonymous_11)
DA:1,1
DA:2,1
DA:3,1
DA:4,1
DA:5,1
DA:17,7
DA:20,7
DA:21,7
DA:27,7
DA:28,1
DA:35,7
DA:36,7
DA:40,7
DA:41,1
DA:46,7
DA:47,1
DA:53,10
DA:54,10
DA:56,10
DA:76,27
DA:136,1
LF:21
LH:21
BRDA:35,0,0,7
BRF:1
BRH:1
end_of_record
TN:
SF:src\components\moviesLayout\Carousel.tsx
FN:48,(anonymous_10)
FN:57,(anonymous_11)
FN:65,(anonymous_12)
FN:71,(anonymous_13)
FN:99,(anonymous_14)
FN:103,(anonymous_15)
FN:109,(anonymous_16)
FN:116,(anonymous_17)
FN:124,(anonymous_18)
FN:128,(anonymous_19)
FN:129,(anonymous_20)
FN:129,(anonymous_21)
FN:211,(anonymous_22)
FN:224,(anonymous_23)
FN:241,(anonymous_24)
FNF:15
FNH:12
FNDA:23,(anonymous_10)
FNDA:18,(anonymous_11)
FNDA:9,(anonymous_12)
FNDA:14,(anonymous_13)
FNDA:9,(anonymous_14)
FNDA:16,(anonymous_15)
FNDA:6,(anonymous_16)
FNDA:0,(anonymous_17)
FNDA:1,(anonymous_18)
FNDA:1,(anonymous_19)
FNDA:1,(anonymous_20)
FNDA:2,(anonymous_21)
FNDA:20,(anonymous_22)
FNDA:0,(anonymous_23)
FNDA:0,(anonymous_24)
DA:1,1
DA:2,1
DA:3,1
DA:4,1
DA:5,1
DA:6,1
DA:7,1
DA:8,1
DA:48,1
DA:49,23
DA:50,23
DA:51,23
DA:52,23
DA:53,23
DA:54,23
DA:55,23
DA:56,23
DA:57,23
DA:58,18
DA:59,8
DA:60,8
DA:61,8
DA:65,23
DA:66,9
DA:67,9
DA:68,8
DA:70,8
DA:71,14
DA:87,7
DA:89,1
DA:92,1
DA:93,1
DA:95,9
DA:99,23
DA:100,9
DA:103,23
DA:104,16
DA:105,16
DA:106,16
DA:107,6
DA:108,6
DA:109,6
DA:110,6
DA:111,6
DA:116,23
DA:117,0
DA:118,0
DA:119,0
DA:120,0
DA:124,23
DA:125,1
DA:128,23
DA:129,2
DA:130,1
DA:131,1
DA:135,23
DA:136,9
DA:153,14
DA:154,3
DA:161,11
DA:162,0
DA:169,11
DA:212,20
DA:224,0
DA:241,0
DA:261,1
LF:66
LH:59
BRDA:58,0,0,8
BRDA:68,1,0,8
BRDA:68,1,1,0
BRDA:68,1,2,0
BRDA:70,2,0,7
BRDA:70,2,1,1
BRDA:70,3,0,8
BRDA:70,3,1,8
BRDA:73,4,0,14
BRDA:73,4,1,0
BRDA:74,5,0,14
BRDA:74,5,1,0
BRDA:75,6,0,14
BRDA:75,6,1,0
BRDA:76,7,0,14
BRDA:76,7,1,0
BRDA:77,8,0,14
BRDA:77,8,1,0
BRDA:81,9,0,14
BRDA:81,9,1,0
BRDA:82,10,0,14
BRDA:82,10,1,0
BRDA:83,11,0,14
BRDA:83,11,1,0
BRDA:84,12,0,14
BRDA:84,12,1,0
BRDA:85,13,0,14
BRDA:85,13,1,7
BRDA:106,14,0,6
BRDA:117,15,0,0
BRDA:119,16,0,0
BRDA:119,16,1,0
BRDA:130,17,0,1
BRDA:135,18,0,9
BRDA:135,19,0,23
BRDA:135,19,1,14
BRDA:153,20,0,3
BRDA:153,21,0,14
BRDA:153,21,1,12
BRDA:156,22,0,3
BRDA:156,22,1,1
BRDA:161,23,0,0
BRDA:222,24,0,11
BRDA:222,24,1,1
BRDA:239,25,0,11
BRDA:239,25,1,6
BRF:46
BRH:31
end_of_record
TN:
SF:src\components\moviesLayout\GetMovies.tsx
FN:55,(anonymous_10)
FN:88,(anonymous_11)
FN:90,(anonymous_12)
FN:92,(anonymous_13)
FN:96,(anonymous_14)
FN:123,(anonymous_15)
FN:156,(anonymous_16)
FN:160,(anonymous_17)
FN:169,(anonymous_18)
FN:178,(anonymous_19)
FN:203,(anonymous_20)
FN:211,(anonymous_21)
FN:213,(anonymous_22)
FN:218,(anonymous_23)
FN:225,(anonymous_24)
FN:231,(anonymous_25)
FN:237,(anonymous_26)
FN:242,(anonymous_27)
FN:433,(anonymous_28)
FN:437,(anonymous_29)
FN:499,(anonymous_30)
FNF:21
FNH:11
FNDA:33,(anonymous_10)
FNDA:33,(anonymous_11)
FNDA:0,(anonymous_12)
FNDA:0,(anonymous_13)
FNDA:14,(anonymous_14)
FNDA:13,(anonymous_15)
FNDA:0,(anonymous_16)
FNDA:0,(anonymous_17)
FNDA:0,(anonymous_18)
FNDA:0,(anonymous_19)
FNDA:0,(anonymous_20)
FNDA:12,(anonymous_21)
FNDA:12,(anonymous_22)
FNDA:1,(anonymous_23)
FNDA:1,(anonymous_24)
FNDA:0,(anonymous_25)
FNDA:0,(anonymous_26)
FNDA:0,(anonymous_27)
FNDA:203,(anonymous_28)
FNDA:1,(anonymous_29)
FNDA:7,(anonymous_30)
DA:1,1
DA:2,1
DA:3,1
DA:4,1
DA:5,1
DA:6,1
DA:7,1
DA:8,1
DA:9,1
DA:10,1
DA:55,1
DA:56,33
DA:57,33
DA:58,33
DA:59,33
DA:60,33
DA:61,33
DA:62,33
DA:68,33
DA:69,33
DA:71,33
DA:73,33
DA:74,33
DA:75,33
DA:77,33
DA:88,33
DA:90,33
DA:91,0
DA:92,0
DA:96,33
DA:97,14
DA:98,14
DA:99,14
DA:101,14
DA:102,0
DA:103,0
DA:104,14
DA:105,12
DA:106,12
DA:108,2
DA:109,2
DA:112,14
DA:114,14
DA:115,14
DA:122,14
DA:123,13
DA:139,13
DA:140,13
DA:141,13
DA:143,1
DA:144,1
DA:145,1
DA:148,0
DA:149,0
DA:150,0
DA:152,14
DA:156,33
DA:157,0
DA:158,0
DA:159,0
DA:160,0
DA:161,0
DA:163,0
DA:164,0
DA:165,0
DA:167,0
DA:168,0
DA:169,0
DA:175,0
DA:176,0
DA:178,0
DA:185,0
DA:186,0
DA:187,0
DA:188,0
DA:189,0
DA:191,0
DA:194,0
DA:195,0
DA:196,0
DA:198,0
DA:202,33
DA:204,0
DA:205,0
DA:206,0
DA:211,33
DA:212,12
DA:213,12
DA:214,12
DA:215,12
DA:218,33
DA:219,1
DA:220,1
DA:221,1
DA:222,1
DA:225,33
DA:226,1
DA:227,1
DA:228,1
DA:231,33
DA:232,0
DA:233,0
DA:234,0
DA:237,33
DA:238,0
DA:239,0
DA:242,33
DA:243,0
DA:246,33
DA:247,2
DA:263,31
DA:264,2
DA:283,29
DA:434,203
DA:437,1
DA:500,7
DA:554,1
LF:117
LH:77
BRDA:74,0,0,33
BRDA:74,0,1,0
BRDA:75,1,0,33
BRDA:75,1,1,0
BRDA:96,2,0,0
BRDA:96,3,0,0
BRDA:96,4,0,0
BRDA:101,5,0,0
BRDA:101,5,1,14
BRDA:104,6,0,12
BRDA:104,6,1,2
BRDA:114,7,0,14
BRDA:114,7,1,0
BRDA:115,8,0,14
BRDA:115,8,1,0
BRDA:122,9,0,13
BRDA:122,9,1,1
BRDA:122,10,0,14
BRDA:122,10,1,14
BRDA:125,11,0,13
BRDA:125,11,1,0
BRDA:126,12,0,13
BRDA:126,12,1,0
BRDA:127,13,0,13
BRDA:127,13,1,0
BRDA:128,14,0,13
BRDA:128,14,1,0
BRDA:129,15,0,13
BRDA:129,15,1,0
BRDA:133,16,0,13
BRDA:133,16,1,0
BRDA:134,17,0,13
BRDA:134,17,1,0
BRDA:135,18,0,13
BRDA:135,18,1,0
BRDA:136,19,0,13
BRDA:136,19,1,0
BRDA:137,20,0,13
BRDA:137,20,1,13
BRDA:143,21,0,0
BRDA:143,21,1,1
BRDA:167,22,0,0
BRDA:167,22,1,0
BRDA:167,23,0,0
BRDA:167,23,1,0
BRDA:186,24,0,0
BRDA:186,24,1,0
BRDA:212,25,0,12
BRDA:212,25,1,0
BRDA:246,26,0,2
BRDA:263,27,0,2
BRDA:296,28,0,29
BRDA:296,28,1,26
BRDA:439,29,0,29
BRDA:439,29,1,174
BRDA:443,30,0,29
BRDA:443,30,1,174
BRDA:448,31,0,29
BRDA:448,31,1,174
BRDA:451,32,0,29
BRDA:451,32,1,174
BRDA:457,33,0,21
BRDA:457,33,1,8
BRDA:457,34,0,29
BRDA:457,34,1,8
BRDA:469,35,0,1
BRDA:469,35,1,7
BRDA:498,36,0,7
BRDA:498,36,1,0
BRDA:524,37,0,7
BRDA:524,37,1,7
BRF:71
BRH:45
end_of_record
TN:
SF:src\components\moviesLayout\MovieItem.tsx
FN:36,(anonymous_10)
FN:43,(anonymous_11)
FN:58,(anonymous_12)
FN:73,(anonymous_13)
FN:80,(anonymous_14)
FN:86,(anonymous_15)
FNF:6
FNH:4
FNDA:17,(anonymous_10)
FNDA:5,(anonymous_11)
FNDA:0,(anonymous_12)
FNDA:0,(anonymous_13)
FNDA:1,(anonymous_14)
FNDA:2,(anonymous_15)
DA:1,2
DA:2,2
DA:3,2
DA:4,2
DA:5,2
DA:6,2
DA:7,2
DA:8,2
DA:9,2
DA:10,2
DA:11,2
DA:36,2
DA:37,17
DA:38,17
DA:39,17
DA:40,17
DA:42,17
DA:44,5
DA:45,1
DA:46,1
DA:49,4
DA:50,4
DA:53,4
DA:54,4
DA:55,1
DA:56,1
DA:57,1
DA:58,1
DA:59,0
DA:61,1
DA:64,3
DA:65,1
DA:66,1
DA:67,1
DA:69,2
DA:70,2
DA:73,3
DA:74,0
DA:80,17
DA:81,1
DA:82,1
DA:83,1
DA:86,17
DA:87,2
DA:88,2
DA:89,2
DA:90,2
DA:91,2
DA:92,1
DA:93,1
DA:95,1
DA:100,17
DA:335,2
LF:53
LH:51
BRDA:36,0,0,6
BRDA:39,1,0,17
BRDA:39,1,1,2
BRDA:44,2,0,1
BRDA:54,3,0,1
BRDA:64,4,0,1
BRDA:64,4,1,2
BRDA:89,5,0,2
BRDA:91,6,0,1
BRDA:91,6,1,1
BRDA:91,7,0,2
BRDA:91,7,1,1
BRDA:112,8,0,2
BRDA:112,8,1,15
BRDA:185,9,0,17
BRDA:185,9,1,2
BRDA:207,10,0,2
BRDA:207,10,1,2
BRDA:211,11,0,17
BRDA:211,11,1,4
BRDA:240,12,0,17
BRDA:240,12,1,4
BRF:22
BRH:22
end_of_record
TN:
SF:src\notifications\firebase.ts
FN:106,(anonymous_0)
FN:26,(anonymous_1)
FN:75,(anonymous_2)
FN:79,(anonymous_3)
FNF:4
FNH:1
FNDA:10,(anonymous_0)
FNDA:0,(anonymous_1)
FNDA:0,(anonymous_2)
FNDA:0,(anonymous_3)
DA:1,1
DA:2,1
DA:3,1
DA:5,1
DA:23,1
DA:24,1
DA:26,1
DA:27,0
DA:29,0
DA:30,0
DA:33,0
DA:35,0
DA:36,0
DA:38,0
DA:39,0
DA:40,0
DA:46,0
DA:47,0
DA:48,0
DA:49,0
DA:50,0
DA:51,0
DA:57,0
DA:58,0
DA:59,0
DA:61,0
DA:62,0
DA:63,0
DA:66,0
DA:67,0
DA:68,0
DA:70,0
DA:71,0
DA:75,1
DA:76,0
DA:78,0
DA:79,0
DA:80,0
DA:84,0
DA:85,0
DA:86,0
DA:88,0
DA:91,0
DA:92,0
DA:93,0
DA:94,0
DA:96,0
DA:97,0
DA:99,0
DA:101,0
DA:102,0
DA:106,11
LF:52
LH:9
BRDA:29,0,0,0
BRDA:35,1,0,0
BRDA:38,2,0,0
BRDA:38,3,0,0
BRDA:38,3,1,0
BRDA:46,4,0,0
BRDA:49,5,0,0
BRDA:61,6,0,0
BRDA:61,7,0,0
BRDA:61,7,1,0
BRDA:61,7,2,0
BRDA:80,8,0,0
BRDA:81,9,0,0
BRDA:81,9,1,0
BRDA:91,10,0,0
BRDA:92,11,0,0
BRDA:92,12,0,0
BRDA:92,12,1,0
BRF:18
BRH:0
end_of_record
TN:
SF:src\pages\Auth\Login.tsx
FN:5,(anonymous_1)
FNF:1
FNH:1
FNDA:1,(anonymous_1)
DA:1,1
DA:2,1
DA:6,1
DA:10,1
LF:4
LH:4
BRF:0
BRH:0
end_of_record
TN:
SF:src\pages\Auth\SignUp.tsx
FN:5,(anonymous_1)
FNF:1
FNH:1
FNDA:1,(anonymous_1)
DA:1,1
DA:2,1
DA:6,1
DA:10,1
LF:4
LH:4
BRF:0
BRH:0
end_of_record
TN:
SF:src\utils\API.ts
FN:20,(anonymous_1)
FN:49,(anonymous_2)
FN:104,(anonymous_3)
FN:155,(anonymous_4)
FN:188,(anonymous_5)
FN:227,(anonymous_6)
FN:253,(anonymous_7)
FN:292,(anonymous_8)
FN:369,(anonymous_9)
FN:416,(anonymous_10)
FN:462,(anonymous_11)
FN:497,(anonymous_12)
FNF:12
FNH:0
FNDA:0,(anonymous_1)
FNDA:0,(anonymous_2)
FNDA:0,(anonymous_3)
FNDA:0,(anonymous_4)
FNDA:0,(anonymous_5)
FNDA:0,(anonymous_6)
FNDA:0,(anonymous_7)
FNDA:0,(anonymous_8)
FNDA:0,(anonymous_9)
FNDA:0,(anonymous_10)
FNDA:0,(anonymous_11)
FNDA:0,(anonymous_12)
DA:1,1
DA:2,1
DA:4,1
DA:20,1
DA:21,0
DA:23,0
DA:24,0
DA:32,0
DA:33,0
DA:34,0
DA:35,0
DA:36,0
DA:40,0
DA:43,0
DA:49,1
DA:50,0
DA:52,0
DA:53,0
DA:61,0
DA:62,0
DA:64,0
DA:65,0
DA:66,0
DA:68,0
DA:69,0
DA:72,0
DA:74,0
DA:104,1
DA:105,0
DA:106,0
DA:112,0
DA:121,0
DA:122,0
DA:124,0
DA:125,0
DA:155,1
DA:156,0
DA:157,0
DA:158,0
DA:159,0
DA:162,0
DA:171,0
DA:172,0
DA:175,0
DA:177,0
DA:182,0
DA:183,0
DA:185,0
DA:188,1
DA:189,0
DA:190,0
DA:191,0
DA:192,0
DA:193,0
DA:194,0
DA:197,0
DA:208,0
DA:210,0
DA:211,0
DA:214,0
DA:215,0
DA:216,0
DA:219,0
DA:221,0
DA:222,0
DA:227,1
DA:228,0
DA:229,0
DA:230,0
DA:231,0
DA:232,0
DA:234,0
DA:235,0
DA:242,0
DA:243,0
DA:244,0
DA:246,0
DA:247,0
DA:253,1
DA:254,0
DA:255,0
DA:266,0
DA:276,0
DA:277,0
DA:279,0
DA:280,0
DA:292,1
DA:293,0
DA:294,0
DA:298,0
DA:299,0
DA:301,0
DA:309,0
DA:319,0
DA:320,0
DA:322,0
DA:323,0
DA:369,1
DA:370,0
DA:371,0
DA:372,0
DA:373,0
DA:374,0
DA:375,0
DA:378,0
DA:379,0
DA:380,0
DA:381,0
DA:382,0
DA:383,0
DA:384,0
DA:385,0
DA:386,0
DA:387,0
DA:388,0
DA:389,0
DA:390,0
DA:392,0
DA:393,0
DA:396,0
DA:404,0
DA:405,0
DA:406,0
DA:408,0
DA:409,0
DA:410,0
DA:411,0
DA:416,1
DA:417,0
DA:418,0
DA:419,0
DA:420,0
DA:421,0
DA:422,0
DA:425,0
DA:426,0
DA:427,0
DA:428,0
DA:429,0
DA:430,0
DA:431,0
DA:432,0
DA:433,0
DA:434,0
DA:435,0
DA:436,0
DA:437,0
DA:439,0
DA:440,0
DA:443,0
DA:451,0
DA:452,0
DA:453,0
DA:455,0
DA:456,0
DA:457,0
DA:458,0
DA:462,1
DA:463,0
DA:464,0
DA:465,0
DA:466,0
DA:467,0
DA:468,0
DA:471,0
DA:478,0
DA:479,0
DA:480,0
DA:482,0
DA:483,0
DA:484,0
DA:485,0
DA:497,1
DA:498,0
DA:499,0
DA:500,0
DA:501,0
DA:504,0
DA:505,0
DA:506,0
DA:507,0
DA:510,0
DA:511,0
DA:513,0
DA:524,0
DA:525,0
DA:527,0
DA:528,0
DA:529,0
DA:530,0
DA:532,0
LF:191
LH:15
BRDA:68,0,0,0
BRDA:68,0,1,0
BRDA:104,1,0,0
BRDA:113,2,0,0
BRDA:113,2,1,0
BRDA:114,3,0,0
BRDA:114,3,1,0
BRDA:117,4,0,0
BRDA:117,4,1,0
BRDA:157,5,0,0
BRDA:171,6,0,0
BRDA:178,7,0,0
BRDA:178,7,1,0
BRDA:179,8,0,0
BRDA:179,8,1,0
BRDA:180,9,0,0
BRDA:180,9,1,0
BRDA:182,10,0,0
BRDA:183,11,0,0
BRDA:183,11,1,0
BRDA:192,12,0,0
BRDA:210,13,0,0
BRDA:214,14,0,0
BRDA:214,14,1,0
BRDA:214,14,2,0
BRDA:215,15,0,0
BRDA:222,16,0,0
BRDA:222,16,1,0
BRDA:230,17,0,0
BRDA:253,18,0,0
BRDA:267,19,0,0
BRDA:267,19,1,0
BRDA:268,20,0,0
BRDA:268,20,1,0
BRDA:271,21,0,0
BRDA:271,21,1,0
BRDA:292,22,0,0
BRDA:298,23,0,0
BRDA:298,24,0,0
BRDA:298,24,1,0
BRDA:310,25,0,0
BRDA:310,25,1,0
BRDA:311,26,0,0
BRDA:311,26,1,0
BRDA:314,27,0,0
BRDA:314,27,1,0
BRDA:373,28,0,0
BRDA:389,29,0,0
BRDA:392,30,0,0
BRDA:409,31,0,0
BRDA:409,31,1,0
BRDA:420,32,0,0
BRDA:436,33,0,0
BRDA:439,34,0,0
BRDA:456,35,0,0
BRDA:456,35,1,0
BRDA:466,36,0,0
BRDA:483,37,0,0
BRDA:483,37,1,0
BRDA:500,38,0,0
BRDA:506,39,0,0
BRDA:528,40,0,0
BRDA:529,41,0,0
BRDA:529,41,1,0
BRDA:530,42,0,0
BRDA:530,42,1,0
BRF:66
BRH:0
end_of_record
